13:40:51 **** Build of configuration Default for project Assignment3 ****
make default 
make: *** No rule to make target `default'.  Stop.
13:40:57 **** Incremental Build of configuration Default for project Assignment3 ****
make all 
g++ -g -Wno-write-strings -std=c++0x graphics.o Assignment3.o  -o Assignment3.exe -L/usr/openwin/lib -lX11 -lm
13:41:52 **** Incremental Build of configuration Default for project Assignment3 ****
make all 
g++ -g -Wno-write-strings -std=c++0x graphics.o Assignment3.o  -o Assignment3.exe -L/usr/openwin/lib -lX11 -lm
13:42:22 **** Incremental Build of configuration Default for project Assignment3 ****
make all 
g++ -g -Wno-write-strings -std=c++0x graphics.o Assignment3.o  -o Assignment3.exe -L/usr/openwin/lib -lX11 -lm
13:42:32 **** Incremental Build of configuration Default for project Assignment3 ****
make all 
g++ -g -Wno-write-strings -std=c++0x graphics.o Assignment3.o  -o Assignment3.exe -L/usr/openwin/lib -lX11 -lm
21:15:44 **** Incremental Build of configuration Default for project Assignment3 ****
make all 
g++ -c -g -Wno-write-strings -std=c++0x Assignment3.cpp
Assignment3.cpp: In function ‘std::vector<int> calculateAllGains()’:
Assignment3.cpp:669:53: error: invalid initialization of reference of type ‘std::vector<int>&’ from expression of type ‘Point’
      if(DoesCrossBarrier(cell.p, sCells[cellIndex].p))
                                                     ^
In file included from Assignment3.cpp:18:0:
Assignment3.hpp:68:6: error: in passing argument 1 of ‘bool DoesCrossBarrier(std::vector<int>&, int, int)’
 bool DoesCrossBarrier(vector<int> &vSides, int a, int b);
      ^
make: *** [Assignment3.o] Error 1
21:19:11 **** Incremental Build of configuration Default for project Assignment3 ****
make all 
g++ -c -g -Wno-write-strings -std=c++0x Assignment3.cpp
Assignment3.cpp: In function ‘void doSingleKL(std::vector<int>&)’:
Assignment3.cpp:754:40: error: too few arguments to function ‘std::vector<int> calculateAllGains(std::vector<int>&)’
  vector<int> gains = calculateAllGains();
                                        ^
Assignment3.cpp:649:13: note: declared here
 vector<int> calculateAllGains(vector<int> &vSides)
             ^
make: *** [Assignment3.o] Error 1
21:19:49 **** Incremental Build of configuration Default for project Assignment3 ****
make all 
g++ -c -g -Wno-write-strings -std=c++0x Assignment3.cpp
g++ -g -Wno-write-strings -std=c++0x graphics.o Assignment3.o  -o Assignment3.exe -L/usr/openwin/lib -lX11 -lm
21:28:14 **** Incremental Build of configuration Default for project Assignment3 ****
make all 
g++ -g -Wno-write-strings -std=c++0x graphics.o Assignment3.o  -o Assignment3.exe -L/usr/openwin/lib -lX11 -lm
23:18:33 **** Incremental Build of configuration Default for project Assignment3 ****
make all 
g++ -c -g -Wno-write-strings -std=c++0x Assignment3.cpp
g++ -g -Wno-write-strings -std=c++0x graphics.o Assignment3.o  -o Assignment3.exe -L/usr/openwin/lib -lX11 -lm
23:18:44 **** Incremental Build of configuration Default for project Assignment3 ****
make all 
g++ -g -Wno-write-strings -std=c++0x graphics.o Assignment3.o  -o Assignment3.exe -L/usr/openwin/lib -lX11 -lm
23:19:14 **** Incremental Build of configuration Default for project Assignment3 ****
make all 
g++ -g -Wno-write-strings -std=c++0x graphics.o Assignment3.o  -o Assignment3.exe -L/usr/openwin/lib -lX11 -lm
23:20:03 **** Incremental Build of configuration Default for project Assignment3 ****
make all 
g++ -g -Wno-write-strings -std=c++0x graphics.o Assignment3.o  -o Assignment3.exe -L/usr/openwin/lib -lX11 -lm
23:20:23 **** Incremental Build of configuration Default for project Assignment3 ****
make all 
g++ -g -Wno-write-strings -std=c++0x graphics.o Assignment3.o  -o Assignment3.exe -L/usr/openwin/lib -lX11 -lm
23:21:57 **** Incremental Build of configuration Default for project Assignment3 ****
make all 
g++ -c -g -Wno-write-strings -std=c++0x Assignment3.cpp
g++ -g -Wno-write-strings -std=c++0x graphics.o Assignment3.o  -o Assignment3.exe -L/usr/openwin/lib -lX11 -lm
23:22:50 **** Incremental Build of configuration Default for project Assignment3 ****
make all 
g++ -c -g -Wno-write-strings -std=c++0x Assignment3.cpp
g++ -g -Wno-write-strings -std=c++0x graphics.o Assignment3.o  -o Assignment3.exe -L/usr/openwin/lib -lX11 -lm
23:24:05 **** Incremental Build of configuration Default for project Assignment3 ****
make all 
g++ -c -g -Wno-write-strings -std=c++0x Assignment3.cpp
g++ -g -Wno-write-strings -std=c++0x graphics.o Assignment3.o  -o Assignment3.exe -L/usr/openwin/lib -lX11 -lm
23:24:17 **** Incremental Build of configuration Default for project Assignment3 ****
make all 
g++ -g -Wno-write-strings -std=c++0x graphics.o Assignment3.o  -o Assignment3.exe -L/usr/openwin/lib -lX11 -lm
23:27:52 **** Incremental Build of configuration Default for project Assignment3 ****
make all 
g++ -g -Wno-write-strings -std=c++0x graphics.o Assignment3.o  -o Assignment3.exe -L/usr/openwin/lib -lX11 -lm
23:28:30 **** Incremental Build of configuration Default for project Assignment3 ****
make all 
g++ -g -Wno-write-strings -std=c++0x graphics.o Assignment3.o  -o Assignment3.exe -L/usr/openwin/lib -lX11 -lm
23:30:35 **** Incremental Build of configuration Default for project Assignment3 ****
make all 
g++ -c -g -Wno-write-strings -std=c++0x Assignment3.cpp
g++ -g -Wno-write-strings -std=c++0x graphics.o Assignment3.o  -o Assignment3.exe -L/usr/openwin/lib -lX11 -lm
23:31:38 **** Incremental Build of configuration Default for project Assignment3 ****
make all 
g++ -g -Wno-write-strings -std=c++0x graphics.o Assignment3.o  -o Assignment3.exe -L/usr/openwin/lib -lX11 -lm
23:33:13 **** Incremental Build of configuration Default for project Assignment3 ****
make all 
g++ -g -Wno-write-strings -std=c++0x graphics.o Assignment3.o  -o Assignment3.exe -L/usr/openwin/lib -lX11 -lm
23:37:59 **** Incremental Build of configuration Default for project Assignment3 ****
make all 
g++ -c -g -Wno-write-strings -std=c++0x Assignment3.cpp
g++ -g -Wno-write-strings -std=c++0x graphics.o Assignment3.o  -o Assignment3.exe -L/usr/openwin/lib -lX11 -lm
23:39:26 **** Incremental Build of configuration Default for project Assignment3 ****
make all 
g++ -c -g -Wno-write-strings -std=c++0x Assignment3.cpp
g++ -g -Wno-write-strings -std=c++0x graphics.o Assignment3.o  -o Assignment3.exe -L/usr/openwin/lib -lX11 -lm
23:40:24 **** Incremental Build of configuration Default for project Assignment3 ****
make all 
g++ -g -Wno-write-strings -std=c++0x graphics.o Assignment3.o  -o Assignment3.exe -L/usr/openwin/lib -lX11 -lm
23:40:58 **** Incremental Build of configuration Default for project Assignment3 ****
make all 
g++ -g -Wno-write-strings -std=c++0x graphics.o Assignment3.o  -o Assignment3.exe -L/usr/openwin/lib -lX11 -lm
23:42:02 **** Incremental Build of configuration Default for project Assignment3 ****
make all 
g++ -c -g -Wno-write-strings -std=c++0x Assignment3.cpp
g++ -g -Wno-write-strings -std=c++0x graphics.o Assignment3.o  -o Assignment3.exe -L/usr/openwin/lib -lX11 -lm
23:43:12 **** Incremental Build of configuration Default for project Assignment3 ****
make all 
g++ -g -Wno-write-strings -std=c++0x graphics.o Assignment3.o  -o Assignment3.exe -L/usr/openwin/lib -lX11 -lm
23:43:51 **** Incremental Build of configuration Default for project Assignment3 ****
make all 
g++ -g -Wno-write-strings -std=c++0x graphics.o Assignment3.o  -o Assignment3.exe -L/usr/openwin/lib -lX11 -lm
23:44:18 **** Incremental Build of configuration Default for project Assignment3 ****
make all 
g++ -g -Wno-write-strings -std=c++0x graphics.o Assignment3.o  -o Assignment3.exe -L/usr/openwin/lib -lX11 -lm
23:45:02 **** Incremental Build of configuration Default for project Assignment3 ****
make all 
g++ -g -Wno-write-strings -std=c++0x graphics.o Assignment3.o  -o Assignment3.exe -L/usr/openwin/lib -lX11 -lm
23:45:05 **** Incremental Build of configuration Default for project Assignment3 ****
make all 
g++ -g -Wno-write-strings -std=c++0x graphics.o Assignment3.o  -o Assignment3.exe -L/usr/openwin/lib -lX11 -lm
23:46:16 **** Incremental Build of configuration Default for project Assignment3 ****
make all 
g++ -c -g -Wno-write-strings -std=c++0x Assignment3.cpp
g++ -g -Wno-write-strings -std=c++0x graphics.o Assignment3.o  -o Assignment3.exe -L/usr/openwin/lib -lX11 -lm
23:50:34 **** Incremental Build of configuration Default for project Assignment3 ****
make all 
g++ -c -g -Wno-write-strings -std=c++0x Assignment3.cpp
g++ -g -Wno-write-strings -std=c++0x graphics.o Assignment3.o  -o Assignment3.exe -L/usr/openwin/lib -lX11 -lm
23:53:29 **** Incremental Build of configuration Default for project Assignment3 ****
make all 
g++ -g -Wno-write-strings -std=c++0x graphics.o Assignment3.o  -o Assignment3.exe -L/usr/openwin/lib -lX11 -lm
23:58:21 **** Incremental Build of configuration Default for project Assignment3 ****
make all 
g++ -c -g -Wno-write-strings -std=c++0x Assignment3.cpp
g++ -g -Wno-write-strings -std=c++0x graphics.o Assignment3.o  -o Assignment3.exe -L/usr/openwin/lib -lX11 -lm
00:01:58 **** Incremental Build of configuration Default for project Assignment3 ****
make all 
g++ -c -g -Wno-write-strings -std=c++0x Assignment3.cpp
g++ -g -Wno-write-strings -std=c++0x graphics.o Assignment3.o  -o Assignment3.exe -L/usr/openwin/lib -lX11 -lm
00:03:32 **** Incremental Build of configuration Default for project Assignment3 ****
make all 
g++ -c -g -Wno-write-strings -std=c++0x Assignment3.cpp
g++ -g -Wno-write-strings -std=c++0x graphics.o Assignment3.o  -o Assignment3.exe -L/usr/openwin/lib -lX11 -lm
00:05:45 **** Incremental Build of configuration Default for project Assignment3 ****
make all 
g++ -c -g -Wno-write-strings -std=c++0x Assignment3.cpp
g++ -g -Wno-write-strings -std=c++0x graphics.o Assignment3.o  -o Assignment3.exe -L/usr/openwin/lib -lX11 -lm
00:08:51 **** Incremental Build of configuration Default for project Assignment3 ****
make all 
g++ -g -Wno-write-strings -std=c++0x graphics.o Assignment3.o  -o Assignment3.exe -L/usr/openwin/lib -lX11 -lm
00:10:20 **** Incremental Build of configuration Default for project Assignment3 ****
make all 
g++ -g -Wno-write-strings -std=c++0x graphics.o Assignment3.o  -o Assignment3.exe -L/usr/openwin/lib -lX11 -lm
00:11:45 **** Incremental Build of configuration Default for project Assignment3 ****
make all 
g++ -g -Wno-write-strings -std=c++0x graphics.o Assignment3.o  -o Assignment3.exe -L/usr/openwin/lib -lX11 -lm
00:12:29 **** Incremental Build of configuration Default for project Assignment3 ****
make all 
g++ -c -g -Wno-write-strings -std=c++0x Assignment3.cpp
g++ -g -Wno-write-strings -std=c++0x graphics.o Assignment3.o  -o Assignment3.exe -L/usr/openwin/lib -lX11 -lm
00:14:42 **** Incremental Build of configuration Default for project Assignment3 ****
make all 
g++ -c -g -Wno-write-strings -std=c++0x Assignment3.cpp
g++ -g -Wno-write-strings -std=c++0x graphics.o Assignment3.o  -o Assignment3.exe -L/usr/openwin/lib -lX11 -lm
00:15:32 **** Incremental Build of configuration Default for project Assignment3 ****
make all 
g++ -g -Wno-write-strings -std=c++0x graphics.o Assignment3.o  -o Assignment3.exe -L/usr/openwin/lib -lX11 -lm
00:18:01 **** Incremental Build of configuration Default for project Assignment3 ****
make all 
g++ -c -g -Wno-write-strings -std=c++0x Assignment3.cpp
g++ -g -Wno-write-strings -std=c++0x graphics.o Assignment3.o  -o Assignment3.exe -L/usr/openwin/lib -lX11 -lm
00:18:23 **** Incremental Build of configuration Default for project Assignment3 ****
make all 
g++ -g -Wno-write-strings -std=c++0x graphics.o Assignment3.o  -o Assignment3.exe -L/usr/openwin/lib -lX11 -lm
00:19:14 **** Incremental Build of configuration Default for project Assignment3 ****
make all 
g++ -g -Wno-write-strings -std=c++0x graphics.o Assignment3.o  -o Assignment3.exe -L/usr/openwin/lib -lX11 -lm
00:19:52 **** Incremental Build of configuration Default for project Assignment3 ****
make all 
g++ -g -Wno-write-strings -std=c++0x graphics.o Assignment3.o  -o Assignment3.exe -L/usr/openwin/lib -lX11 -lm
00:19:56 **** Incremental Build of configuration Default for project Assignment3 ****
make all 
g++ -g -Wno-write-strings -std=c++0x graphics.o Assignment3.o  -o Assignment3.exe -L/usr/openwin/lib -lX11 -lm
00:20:41 **** Incremental Build of configuration Default for project Assignment3 ****
make all 
g++ -g -Wno-write-strings -std=c++0x graphics.o Assignment3.o  -o Assignment3.exe -L/usr/openwin/lib -lX11 -lm
00:23:17 **** Incremental Build of configuration Default for project Assignment3 ****
make all 
g++ -c -g -Wno-write-strings -std=c++0x Assignment3.cpp
g++ -g -Wno-write-strings -std=c++0x graphics.o Assignment3.o  -o Assignment3.exe -L/usr/openwin/lib -lX11 -lm
00:24:02 **** Incremental Build of configuration Default for project Assignment3 ****
make all 
g++ -g -Wno-write-strings -std=c++0x graphics.o Assignment3.o  -o Assignment3.exe -L/usr/openwin/lib -lX11 -lm
00:26:13 **** Incremental Build of configuration Default for project Assignment3 ****
make all 
g++ -c -g -Wno-write-strings -std=c++0x Assignment3.cpp
g++ -g -Wno-write-strings -std=c++0x graphics.o Assignment3.o  -o Assignment3.exe -L/usr/openwin/lib -lX11 -lm
00:26:40 **** Incremental Build of configuration Default for project Assignment3 ****
make all 
g++ -c -g -Wno-write-strings -std=c++0x Assignment3.cpp
g++ -g -Wno-write-strings -std=c++0x graphics.o Assignment3.o  -o Assignment3.exe -L/usr/openwin/lib -lX11 -lm
00:27:12 **** Incremental Build of configuration Default for project Assignment3 ****
make all 
g++ -g -Wno-write-strings -std=c++0x graphics.o Assignment3.o  -o Assignment3.exe -L/usr/openwin/lib -lX11 -lm
00:36:17 **** Incremental Build of configuration Default for project Assignment3 ****
make all 
g++ -c -g -Wno-write-strings -std=c++0x Assignment3.cpp
g++ -g -Wno-write-strings -std=c++0x graphics.o Assignment3.o  -o Assignment3.exe -L/usr/openwin/lib -lX11 -lm
00:36:59 **** Incremental Build of configuration Default for project Assignment3 ****
make all 
g++ -g -Wno-write-strings -std=c++0x graphics.o Assignment3.o  -o Assignment3.exe -L/usr/openwin/lib -lX11 -lm
00:38:13 **** Incremental Build of configuration Default for project Assignment3 ****
make all 
g++ -g -Wno-write-strings -std=c++0x graphics.o Assignment3.o  -o Assignment3.exe -L/usr/openwin/lib -lX11 -lm
00:39:28 **** Incremental Build of configuration Default for project Assignment3 ****
make all 
g++ -c -g -Wno-write-strings -std=c++0x Assignment3.cpp
g++ -g -Wno-write-strings -std=c++0x graphics.o Assignment3.o  -o Assignment3.exe -L/usr/openwin/lib -lX11 -lm
00:43:22 **** Incremental Build of configuration Default for project Assignment3 ****
make all 
g++ -c -g -Wno-write-strings -std=c++0x Assignment3.cpp
g++ -g -Wno-write-strings -std=c++0x graphics.o Assignment3.o  -o Assignment3.exe -L/usr/openwin/lib -lX11 -lm
00:43:28 **** Incremental Build of configuration Default for project Assignment3 ****
make all 
g++ -g -Wno-write-strings -std=c++0x graphics.o Assignment3.o  -o Assignment3.exe -L/usr/openwin/lib -lX11 -lm
00:48:29 **** Incremental Build of configuration Default for project Assignment3 ****
make all 
g++ -c -g -Wno-write-strings -std=c++0x Assignment3.cpp
g++ -g -Wno-write-strings -std=c++0x graphics.o Assignment3.o  -o Assignment3.exe -L/usr/openwin/lib -lX11 -lm
00:49:21 **** Incremental Build of configuration Default for project Assignment3 ****
make all 
g++ -g -Wno-write-strings -std=c++0x graphics.o Assignment3.o  -o Assignment3.exe -L/usr/openwin/lib -lX11 -lm
00:50:41 **** Incremental Build of configuration Default for project Assignment3 ****
make all 
g++ -g -Wno-write-strings -std=c++0x graphics.o Assignment3.o  -o Assignment3.exe -L/usr/openwin/lib -lX11 -lm
00:55:32 **** Incremental Build of configuration Default for project Assignment3 ****
make all 
g++ -c -g -Wno-write-strings -std=c++0x Assignment3.cpp
g++ -g -Wno-write-strings -std=c++0x graphics.o Assignment3.o  -o Assignment3.exe -L/usr/openwin/lib -lX11 -lm
00:55:35 **** Incremental Build of configuration Default for project Assignment3 ****
make all 
g++ -g -Wno-write-strings -std=c++0x graphics.o Assignment3.o  -o Assignment3.exe -L/usr/openwin/lib -lX11 -lm
01:00:25 **** Incremental Build of configuration Default for project Assignment3 ****
make all 
g++ -g -Wno-write-strings -std=c++0x graphics.o Assignment3.o  -o Assignment3.exe -L/usr/openwin/lib -lX11 -lm
01:01:32 **** Incremental Build of configuration Default for project Assignment3 ****
make all 
g++ -c -g -Wno-write-strings -std=c++0x Assignment3.cpp
g++ -g -Wno-write-strings -std=c++0x graphics.o Assignment3.o  -o Assignment3.exe -L/usr/openwin/lib -lX11 -lm
01:03:25 **** Incremental Build of configuration Default for project Assignment3 ****
make all 
g++ -g -Wno-write-strings -std=c++0x graphics.o Assignment3.o  -o Assignment3.exe -L/usr/openwin/lib -lX11 -lm
01:08:38 **** Incremental Build of configuration Default for project Assignment3 ****
make all 
g++ -g -Wno-write-strings -std=c++0x graphics.o Assignment3.o  -o Assignment3.exe -L/usr/openwin/lib -lX11 -lm
01:20:20 **** Incremental Build of configuration Default for project Assignment3 ****
make all 
g++ -c -g -Wno-write-strings -std=c++0x Assignment3.cpp
g++ -g -Wno-write-strings -std=c++0x graphics.o Assignment3.o  -o Assignment3.exe -L/usr/openwin/lib -lX11 -lm
01:27:42 **** Incremental Build of configuration Default for project Assignment3 ****
make all 
g++ -c -g -Wno-write-strings -std=c++0x Assignment3.cpp
g++ -g -Wno-write-strings -std=c++0x graphics.o Assignment3.o  -o Assignment3.exe -L/usr/openwin/lib -lX11 -lm
01:28:41 **** Incremental Build of configuration Default for project Assignment3 ****
make all 
g++ -c -g -Wno-write-strings -std=c++0x Assignment3.cpp
g++ -g -Wno-write-strings -std=c++0x graphics.o Assignment3.o  -o Assignment3.exe -L/usr/openwin/lib -lX11 -lm
01:30:14 **** Incremental Build of configuration Default for project Assignment3 ****
make all 
g++ -c -g -Wno-write-strings -std=c++0x Assignment3.cpp
g++ -g -Wno-write-strings -std=c++0x graphics.o Assignment3.o  -o Assignment3.exe -L/usr/openwin/lib -lX11 -lm
18:50:25 **** Incremental Build of configuration Default for project Assignment3 ****
make all 
g++ -g -Wno-write-strings -std=c++0x graphics.o Assignment3.o  -o Assignment3.exe -L/usr/openwin/lib -lX11 -lm
13:33:59 **** Build of configuration Default for project Assignment3 ****
make all 
g++ -g -Wno-write-strings -std=c++0x graphics.o Assignment3.o  -o Assignment3.exe -L/usr/openwin/lib -lX11 -lm
13:40:54 **** Incremental Build of configuration Default for project Assignment3 ****
make all 
g++ -c -g -Wno-write-strings -std=c++0x Assignment3.cpp
g++ -g -Wno-write-strings -std=c++0x graphics.o Assignment3.o  -o Assignment3.exe -L/usr/openwin/lib -lX11 -lm
13:41:14 **** Incremental Build of configuration Default for project Assignment3 ****
make all 
g++ -c -g -Wno-write-strings -std=c++0x Assignment3.cpp
g++ -g -Wno-write-strings -std=c++0x graphics.o Assignment3.o  -o Assignment3.exe -L/usr/openwin/lib -lX11 -lm
13:41:32 **** Incremental Build of configuration Default for project Assignment3 ****
make all 
g++ -g -Wno-write-strings -std=c++0x graphics.o Assignment3.o  -o Assignment3.exe -L/usr/openwin/lib -lX11 -lm
13:43:54 **** Incremental Build of configuration Default for project Assignment3 ****
make all 
g++ -c -g -Wno-write-strings -std=c++0x Assignment3.cpp
g++ -g -Wno-write-strings -std=c++0x graphics.o Assignment3.o  -o Assignment3.exe -L/usr/openwin/lib -lX11 -lm
13:43:58 **** Incremental Build of configuration Default for project Assignment3 ****
make all 
g++ -g -Wno-write-strings -std=c++0x graphics.o Assignment3.o  -o Assignment3.exe -L/usr/openwin/lib -lX11 -lm
13:44:53 **** Incremental Build of configuration Default for project Assignment3 ****
make all 
g++ -c -g -Wno-write-strings -std=c++0x Assignment3.cpp
g++ -g -Wno-write-strings -std=c++0x graphics.o Assignment3.o  -o Assignment3.exe -L/usr/openwin/lib -lX11 -lm
13:45:04 **** Incremental Build of configuration Default for project Assignment3 ****
make all 
g++ -g -Wno-write-strings -std=c++0x graphics.o Assignment3.o  -o Assignment3.exe -L/usr/openwin/lib -lX11 -lm
13:45:27 **** Incremental Build of configuration Default for project Assignment3 ****
make all 
g++ -c -g -Wno-write-strings -std=c++0x Assignment3.cpp
g++ -g -Wno-write-strings -std=c++0x graphics.o Assignment3.o  -o Assignment3.exe -L/usr/openwin/lib -lX11 -lm
13:45:29 **** Incremental Build of configuration Default for project Assignment3 ****
make all 
g++ -g -Wno-write-strings -std=c++0x graphics.o Assignment3.o  -o Assignment3.exe -L/usr/openwin/lib -lX11 -lm
13:48:16 **** Incremental Build of configuration Default for project Assignment3 ****
make all 
g++ -c -g -Wno-write-strings -std=c++0x Assignment3.cpp
Assignment3.cpp: In function ‘void doKL()’:
Assignment3.cpp:889:9: error: ‘InitKL’ was not declared in this scope
  InitKL();
         ^
make: *** [Assignment3.o] Error 1
13:48:53 **** Incremental Build of configuration Default for project Assignment3 ****
make all 
g++ -c -g -Wno-write-strings -std=c++0x Assignment3.cpp
g++ -g -Wno-write-strings -std=c++0x graphics.o Assignment3.o  -o Assignment3.exe -L/usr/openwin/lib -lX11 -lm
13:50:10 **** Incremental Build of configuration Default for project Assignment3 ****
make all 
g++ -c -g -Wno-write-strings -std=c++0x Assignment3.cpp
g++ -g -Wno-write-strings -std=c++0x graphics.o Assignment3.o  -o Assignment3.exe -L/usr/openwin/lib -lX11 -lm
13:51:00 **** Incremental Build of configuration Default for project Assignment3 ****
make all 
g++ -c -g -Wno-write-strings -std=c++0x Assignment3.cpp
g++ -g -Wno-write-strings -std=c++0x graphics.o Assignment3.o  -o Assignment3.exe -L/usr/openwin/lib -lX11 -lm
14:37:57 **** Incremental Build of configuration Default for project Assignment3 ****
make all 
g++ -c -g -Wno-write-strings -std=c++0x Assignment3.cpp
g++ -g -Wno-write-strings -std=c++0x graphics.o Assignment3.o  -o Assignment3.exe -L/usr/openwin/lib -lX11 -lm
14:38:16 **** Incremental Build of configuration Default for project Assignment3 ****
make all 
g++ -c -g -Wno-write-strings -std=c++0x Assignment3.cpp
g++ -g -Wno-write-strings -std=c++0x graphics.o Assignment3.o  -o Assignment3.exe -L/usr/openwin/lib -lX11 -lm
14:38:33 **** Incremental Build of configuration Default for project Assignment3 ****
make all 
g++ -c -g -Wno-write-strings -std=c++0x Assignment3.cpp
g++ -g -Wno-write-strings -std=c++0x graphics.o Assignment3.o  -o Assignment3.exe -L/usr/openwin/lib -lX11 -lm
14:40:14 **** Incremental Build of configuration Default for project Assignment3 ****
make all 
g++ -c -g -Wno-write-strings -std=c++0x Assignment3.cpp
g++ -g -Wno-write-strings -std=c++0x graphics.o Assignment3.o  -o Assignment3.exe -L/usr/openwin/lib -lX11 -lm
14:40:16 **** Incremental Build of configuration Default for project Assignment3 ****
make all 
g++ -g -Wno-write-strings -std=c++0x graphics.o Assignment3.o  -o Assignment3.exe -L/usr/openwin/lib -lX11 -lm
14:40:31 **** Incremental Build of configuration Default for project Assignment3 ****
make all 
g++ -c -g -Wno-write-strings -std=c++0x Assignment3.cpp
g++ -g -Wno-write-strings -std=c++0x graphics.o Assignment3.o  -o Assignment3.exe -L/usr/openwin/lib -lX11 -lm
14:41:41 **** Incremental Build of configuration Default for project Assignment3 ****
make all 
g++ -c -g -Wno-write-strings -std=c++0x Assignment3.cpp
g++ -g -Wno-write-strings -std=c++0x graphics.o Assignment3.o  -o Assignment3.exe -L/usr/openwin/lib -lX11 -lm
14:42:21 **** Incremental Build of configuration Default for project Assignment3 ****
make all 
g++ -c -g -Wno-write-strings -std=c++0x Assignment3.cpp
g++ -g -Wno-write-strings -std=c++0x graphics.o Assignment3.o  -o Assignment3.exe -L/usr/openwin/lib -lX11 -lm
14:52:52 **** Incremental Build of configuration Default for project Assignment3 ****
make all 
g++ -c -g -Wno-write-strings -std=c++0x Assignment3.cpp
g++ -g -Wno-write-strings -std=c++0x graphics.o Assignment3.o  -o Assignment3.exe -L/usr/openwin/lib -lX11 -lm
14:53:17 **** Incremental Build of configuration Default for project Assignment3 ****
make all 
g++ -g -Wno-write-strings -std=c++0x graphics.o Assignment3.o  -o Assignment3.exe -L/usr/openwin/lib -lX11 -lm
14:56:33 **** Incremental Build of configuration Default for project Assignment3 ****
make all 
g++ -c -g -Wno-write-strings -std=c++0x Assignment3.cpp
g++ -g -Wno-write-strings -std=c++0x graphics.o Assignment3.o  -o Assignment3.exe -L/usr/openwin/lib -lX11 -lm
14:57:19 **** Incremental Build of configuration Default for project Assignment3 ****
make all 
g++ -c -g -Wno-write-strings -std=c++0x Assignment3.cpp
g++ -g -Wno-write-strings -std=c++0x graphics.o Assignment3.o  -o Assignment3.exe -L/usr/openwin/lib -lX11 -lm
14:59:10 **** Incremental Build of configuration Default for project Assignment3 ****
make all 
g++ -c -g -Wno-write-strings -std=c++0x Assignment3.cpp
g++ -g -Wno-write-strings -std=c++0x graphics.o Assignment3.o  -o Assignment3.exe -L/usr/openwin/lib -lX11 -lm
14:59:49 **** Incremental Build of configuration Default for project Assignment3 ****
make all 
g++ -g -Wno-write-strings -std=c++0x graphics.o Assignment3.o  -o Assignment3.exe -L/usr/openwin/lib -lX11 -lm
15:00:22 **** Incremental Build of configuration Default for project Assignment3 ****
make all 
g++ -g -Wno-write-strings -std=c++0x graphics.o Assignment3.o  -o Assignment3.exe -L/usr/openwin/lib -lX11 -lm
15:03:22 **** Incremental Build of configuration Default for project Assignment3 ****
make all 
g++ -c -g -Wno-write-strings -std=c++0x Assignment3.cpp
g++ -g -Wno-write-strings -std=c++0x graphics.o Assignment3.o  -o Assignment3.exe -L/usr/openwin/lib -lX11 -lm
15:04:42 **** Incremental Build of configuration Default for project Assignment3 ****
make all 
g++ -c -g -Wno-write-strings -std=c++0x Assignment3.cpp
g++ -g -Wno-write-strings -std=c++0x graphics.o Assignment3.o  -o Assignment3.exe -L/usr/openwin/lib -lX11 -lm
15:37:45 **** Incremental Build of configuration Default for project Assignment3 ****
make all 
g++ -c -g -Wno-write-strings -std=c++0x Assignment3.cpp
g++ -g -Wno-write-strings -std=c++0x graphics.o Assignment3.o  -o Assignment3.exe -L/usr/openwin/lib -lX11 -lm
15:39:12 **** Incremental Build of configuration Default for project Assignment3 ****
make all 
g++ -c -g -Wno-write-strings -std=c++0x Assignment3.cpp
g++ -g -Wno-write-strings -std=c++0x graphics.o Assignment3.o  -o Assignment3.exe -L/usr/openwin/lib -lX11 -lm
16:09:05 **** Incremental Build of configuration Default for project Assignment3 ****
make all 
g++ -c -g -Wno-write-strings -std=c++0x Assignment3.cpp
g++ -g -Wno-write-strings -std=c++0x graphics.o Assignment3.o  -o Assignment3.exe -L/usr/openwin/lib -lX11 -lm
16:09:50 **** Incremental Build of configuration Default for project Assignment3 ****
make all 
g++ -g -Wno-write-strings -std=c++0x graphics.o Assignment3.o  -o Assignment3.exe -L/usr/openwin/lib -lX11 -lm
16:12:45 **** Incremental Build of configuration Default for project Assignment3 ****
make all 
g++ -c -g -Wno-write-strings -std=c++0x Assignment3.cpp
g++ -g -Wno-write-strings -std=c++0x graphics.o Assignment3.o  -o Assignment3.exe -L/usr/openwin/lib -lX11 -lm
16:13:14 **** Incremental Build of configuration Default for project Assignment3 ****
make all 
g++ -g -Wno-write-strings -std=c++0x graphics.o Assignment3.o  -o Assignment3.exe -L/usr/openwin/lib -lX11 -lm
16:21:34 **** Incremental Build of configuration Default for project Assignment3 ****
make all 
g++ -c -g -Wno-write-strings -std=c++0x Assignment3.cpp
g++ -g -Wno-write-strings -std=c++0x graphics.o Assignment3.o  -o Assignment3.exe -L/usr/openwin/lib -lX11 -lm
16:25:55 **** Incremental Build of configuration Default for project Assignment3 ****
make all 
g++ -c -g -Wno-write-strings -std=c++0x Assignment3.cpp
g++ -g -Wno-write-strings -std=c++0x graphics.o Assignment3.o  -o Assignment3.exe -L/usr/openwin/lib -lX11 -lm
16:26:05 **** Incremental Build of configuration Default for project Assignment3 ****
make all 
g++ -g -Wno-write-strings -std=c++0x graphics.o Assignment3.o  -o Assignment3.exe -L/usr/openwin/lib -lX11 -lm
16:27:05 **** Incremental Build of configuration Default for project Assignment3 ****
make all 
g++ -c -g -Wno-write-strings -std=c++0x Assignment3.cpp
g++ -g -Wno-write-strings -std=c++0x graphics.o Assignment3.o  -o Assignment3.exe -L/usr/openwin/lib -lX11 -lm
16:27:16 **** Incremental Build of configuration Default for project Assignment3 ****
make all 
g++ -c -g -Wno-write-strings -std=c++0x Assignment3.cpp
g++ -g -Wno-write-strings -std=c++0x graphics.o Assignment3.o  -o Assignment3.exe -L/usr/openwin/lib -lX11 -lm
16:27:43 **** Incremental Build of configuration Default for project Assignment3 ****
make all 
g++ -c -g -Wno-write-strings -std=c++0x Assignment3.cpp
g++ -g -Wno-write-strings -std=c++0x graphics.o Assignment3.o  -o Assignment3.exe -L/usr/openwin/lib -lX11 -lm
16:27:54 **** Incremental Build of configuration Default for project Assignment3 ****
make all 
g++ -c -g -Wno-write-strings -std=c++0x Assignment3.cpp
g++ -g -Wno-write-strings -std=c++0x graphics.o Assignment3.o  -o Assignment3.exe -L/usr/openwin/lib -lX11 -lm
16:28:07 **** Incremental Build of configuration Default for project Assignment3 ****
make all 
g++ -c -g -Wno-write-strings -std=c++0x Assignment3.cpp
g++ -g -Wno-write-strings -std=c++0x graphics.o Assignment3.o  -o Assignment3.exe -L/usr/openwin/lib -lX11 -lm
16:28:18 **** Incremental Build of configuration Default for project Assignment3 ****
make all 
g++ -c -g -Wno-write-strings -std=c++0x Assignment3.cpp
g++ -g -Wno-write-strings -std=c++0x graphics.o Assignment3.o  -o Assignment3.exe -L/usr/openwin/lib -lX11 -lm
18:45:37 **** Incremental Build of configuration Default for project Assignment3 ****
make all 
g++ -c -g -Wno-write-strings -std=c++0x Assignment3.cpp
Assignment3.cpp: In function ‘void InitialPartition(std::vector<int>&)’:
Assignment3.cpp:971:19: error: no match for ‘operator<’ (operand types are ‘int’ and ‘std::vector<Cell>’)
  for(int i = 0; i < sCells; i++)
                   ^
Assignment3.cpp:971:19: note: candidates are:
In file included from /usr/include/c++/4.8/bits/stl_algobase.h:64:0,
                 from /usr/include/c++/4.8/bits/char_traits.h:39,
                 from /usr/include/c++/4.8/ios:40,
                 from /usr/include/c++/4.8/ostream:38,
                 from /usr/include/c++/4.8/iostream:39,
                 from Assignment3.cpp:7:
/usr/include/c++/4.8/bits/stl_pair.h:220:5: note: template<class _T1, class _T2> constexpr bool std::operator<(const std::pair<_T1, _T2>&, const std::pair<_T1, _T2>&)
     operator<(const pair<_T1, _T2>& __x, const pair<_T1, _T2>& __y)
     ^
/usr/include/c++/4.8/bits/stl_pair.h:220:5: note:   template argument deduction/substitution failed:
Assignment3.cpp:971:21: note:   mismatched types ‘const std::pair<_T1, _T2>’ and ‘int’
  for(int i = 0; i < sCells; i++)
                     ^
In file included from /usr/include/c++/4.8/bits/stl_algobase.h:67:0,
                 from /usr/include/c++/4.8/bits/char_traits.h:39,
                 from /usr/include/c++/4.8/ios:40,
                 from /usr/include/c++/4.8/ostream:38,
                 from /usr/include/c++/4.8/iostream:39,
                 from Assignment3.cpp:7:
/usr/include/c++/4.8/bits/stl_iterator.h:297:5: note: template<class _Iterator> bool std::operator<(const std::reverse_iterator<_Iterator>&, const std::reverse_iterator<_Iterator>&)
     operator<(const reverse_iterator<_Iterator>& __x,
     ^
/usr/include/c++/4.8/bits/stl_iterator.h:297:5: note:   template argument deduction/substitution failed:
Assignment3.cpp:971:21: note:   mismatched types ‘const std::reverse_iterator<_Iterator>’ and ‘int’
  for(int i = 0; i < sCells; i++)
                     ^
In file included from /usr/include/c++/4.8/bits/stl_algobase.h:67:0,
                 from /usr/include/c++/4.8/bits/char_traits.h:39,
                 from /usr/include/c++/4.8/ios:40,
                 from /usr/include/c++/4.8/ostream:38,
                 from /usr/include/c++/4.8/iostream:39,
                 from Assignment3.cpp:7:
/usr/include/c++/4.8/bits/stl_iterator.h:347:5: note: template<class _IteratorL, class _IteratorR> bool std::operator<(const std::reverse_iterator<_Iterator>&, const std::reverse_iterator<_IteratorR>&)
     operator<(const reverse_iterator<_IteratorL>& __x,
     ^
/usr/include/c++/4.8/bits/stl_iterator.h:347:5: note:   template argument deduction/substitution failed:
Assignment3.cpp:971:21: note:   mismatched types ‘const std::reverse_iterator<_Iterator>’ and ‘int’
  for(int i = 0; i < sCells; i++)
                     ^
In file included from /usr/include/c++/4.8/bits/stl_algobase.h:67:0,
                 from /usr/include/c++/4.8/bits/char_traits.h:39,
                 from /usr/include/c++/4.8/ios:40,
                 from /usr/include/c++/4.8/ostream:38,
                 from /usr/include/c++/4.8/iostream:39,
                 from Assignment3.cpp:7:
/usr/include/c++/4.8/bits/stl_iterator.h:1055:5: note: template<class _IteratorL, class _IteratorR> bool std::operator<(const std::move_iterator<_Iterator>&, const std::move_iterator<_IteratorR>&)
     operator<(const move_iterator<_IteratorL>& __x,
     ^
/usr/include/c++/4.8/bits/stl_iterator.h:1055:5: note:   template argument deduction/substitution failed:
Assignment3.cpp:971:21: note:   mismatched types ‘const std::move_iterator<_Iterator>’ and ‘int’
  for(int i = 0; i < sCells; i++)
                     ^
In file included from /usr/include/c++/4.8/bits/stl_algobase.h:67:0,
                 from /usr/include/c++/4.8/bits/char_traits.h:39,
                 from /usr/include/c++/4.8/ios:40,
                 from /usr/include/c++/4.8/ostream:38,
                 from /usr/include/c++/4.8/iostream:39,
                 from Assignment3.cpp:7:
/usr/include/c++/4.8/bits/stl_iterator.h:1061:5: note: template<class _Iterator> bool std::operator<(const std::move_iterator<_Iterator>&, const std::move_iterator<_Iterator>&)
     operator<(const move_iterator<_Iterator>& __x,
     ^
/usr/include/c++/4.8/bits/stl_iterator.h:1061:5: note:   template argument deduction/substitution failed:
Assignment3.cpp:971:21: note:   mismatched types ‘const std::move_iterator<_Iterator>’ and ‘int’
  for(int i = 0; i < sCells; i++)
                     ^
In file included from /usr/include/c++/4.8/string:52:0,
                 from /usr/include/c++/4.8/bits/locale_classes.h:40,
                 from /usr/include/c++/4.8/bits/ios_base.h:41,
                 from /usr/include/c++/4.8/ios:42,
                 from /usr/include/c++/4.8/ostream:38,
                 from /usr/include/c++/4.8/iostream:39,
                 from Assignment3.cpp:7:
/usr/include/c++/4.8/bits/basic_string.h:2569:5: note: template<class _CharT, class _Traits, class _Alloc> bool std::operator<(const std::basic_string<_CharT, _Traits, _Alloc>&, const std::basic_string<_CharT, _Traits, _Alloc>&)
     operator<(const basic_string<_CharT, _Traits, _Alloc>& __lhs,
     ^
/usr/include/c++/4.8/bits/basic_string.h:2569:5: note:   template argument deduction/substitution failed:
Assignment3.cpp:971:21: note:   mismatched types ‘const std::basic_string<_CharT, _Traits, _Alloc>’ and ‘int’
  for(int i = 0; i < sCells; i++)
                     ^
In file included from /usr/include/c++/4.8/string:52:0,
                 from /usr/include/c++/4.8/bits/locale_classes.h:40,
                 from /usr/include/c++/4.8/bits/ios_base.h:41,
                 from /usr/include/c++/4.8/ios:42,
                 from /usr/include/c++/4.8/ostream:38,
                 from /usr/include/c++/4.8/iostream:39,
                 from Assignment3.cpp:7:
/usr/include/c++/4.8/bits/basic_string.h:2581:5: note: template<class _CharT, class _Traits, class _Alloc> bool std::operator<(const std::basic_string<_CharT, _Traits, _Alloc>&, const _CharT*)
     operator<(const basic_string<_CharT, _Traits, _Alloc>& __lhs,
     ^
/usr/include/c++/4.8/bits/basic_string.h:2581:5: note:   template argument deduction/substitution failed:
Assignment3.cpp:971:21: note:   mismatched types ‘const std::basic_string<_CharT, _Traits, _Alloc>’ and ‘int’
  for(int i = 0; i < sCells; i++)
                     ^
In file included from /usr/include/c++/4.8/string:52:0,
                 from /usr/include/c++/4.8/bits/locale_classes.h:40,
                 from /usr/include/c++/4.8/bits/ios_base.h:41,
                 from /usr/include/c++/4.8/ios:42,
                 from /usr/include/c++/4.8/ostream:38,
                 from /usr/include/c++/4.8/iostream:39,
                 from Assignment3.cpp:7:
/usr/include/c++/4.8/bits/basic_string.h:2593:5: note: template<class _CharT, class _Traits, class _Alloc> bool std::operator<(const _CharT*, const std::basic_string<_CharT, _Traits, _Alloc>&)
     operator<(const _CharT* __lhs,
     ^
/usr/include/c++/4.8/bits/basic_string.h:2593:5: note:   template argument deduction/substitution failed:
Assignment3.cpp:971:21: note:   mismatched types ‘const _CharT*’ and ‘int’
  for(int i = 0; i < sCells; i++)
                     ^
In file included from /usr/include/c++/4.8/vector:64:0,
                 from Assignment3.cpp:10:
/usr/include/c++/4.8/bits/stl_vector.h:1421:5: note: template<class _Tp, class _Alloc> bool std::operator<(const std::vector<_Tp, _Alloc>&, const std::vector<_Tp, _Alloc>&)
     operator<(const vector<_Tp, _Alloc>& __x, const vector<_Tp, _Alloc>& __y)
     ^
/usr/include/c++/4.8/bits/stl_vector.h:1421:5: note:   template argument deduction/substitution failed:
Assignment3.cpp:971:21: note:   mismatched types ‘const std::vector<_Tp, _Alloc>’ and ‘int’
  for(int i = 0; i < sCells; i++)
                     ^
In file included from /usr/include/c++/4.8/tuple:39:0,
                 from /usr/include/c++/4.8/functional:55,
                 from /usr/include/c++/4.8/bits/stl_algo.h:66,
                 from /usr/include/c++/4.8/algorithm:62,
                 from Assignment3.cpp:15:
/usr/include/c++/4.8/array:238:5: note: template<class _Tp, long unsigned int _Nm> bool std::operator<(const std::array<_Tp, _Nm>&, const std::array<_Tp, _Nm>&)
     operator<(const array<_Tp, _Nm>& __a, const array<_Tp, _Nm>& __b)
     ^
/usr/include/c++/4.8/array:238:5: note:   template argument deduction/substitution failed:
Assignment3.cpp:971:21: note:   mismatched types ‘const std::array<_Tp, _Nm>’ and ‘int’
  for(int i = 0; i < sCells; i++)
                     ^
In file included from /usr/include/c++/4.8/functional:55:0,
                 from /usr/include/c++/4.8/bits/stl_algo.h:66,
                 from /usr/include/c++/4.8/algorithm:62,
                 from Assignment3.cpp:15:
/usr/include/c++/4.8/tuple:824:5: note: template<class ... _TElements, class ... _UElements> constexpr bool std::operator<(const std::tuple<_Elements ...>&, const std::tuple<_Elements ...>&)
     operator<(const tuple<_TElements...>& __t,
     ^
/usr/include/c++/4.8/tuple:824:5: note:   template argument deduction/substitution failed:
Assignment3.cpp:971:21: note:   mismatched types ‘const std::tuple<_Elements ...>’ and ‘int’
  for(int i = 0; i < sCells; i++)
                     ^
In file included from /usr/include/c++/4.8/bits/stl_algobase.h:67:0,
                 from /usr/include/c++/4.8/bits/char_traits.h:39,
                 from /usr/include/c++/4.8/ios:40,
                 from /usr/include/c++/4.8/ostream:38,
                 from /usr/include/c++/4.8/iostream:39,
                 from Assignment3.cpp:7:
/usr/include/c++/4.8/bits/stl_iterator.h:836:5: note: template<class _Iterator, class _Container> bool __gnu_cxx::operator<(const __gnu_cxx::__normal_iterator<_Iterator, _Container>&, const __gnu_cxx::__normal_iterator<_Iterator, _Container>&)
     operator<(const __normal_iterator<_Iterator, _Container>& __lhs,
     ^
/usr/include/c++/4.8/bits/stl_iterator.h:836:5: note:   template argument deduction/substitution failed:
Assignment3.cpp:971:21: note:   mismatched types ‘const __gnu_cxx::__normal_iterator<_Iterator, _Container>’ and ‘int’
  for(int i = 0; i < sCells; i++)
                     ^
In file included from /usr/include/c++/4.8/bits/stl_algobase.h:67:0,
                 from /usr/include/c++/4.8/bits/char_traits.h:39,
                 from /usr/include/c++/4.8/ios:40,
                 from /usr/include/c++/4.8/ostream:38,
                 from /usr/include/c++/4.8/iostream:39,
                 from Assignment3.cpp:7:
/usr/include/c++/4.8/bits/stl_iterator.h:830:5: note: template<class _IteratorL, class _IteratorR, class _Container> bool __gnu_cxx::operator<(const __gnu_cxx::__normal_iterator<_IteratorL, _Container>&, const __gnu_cxx::__normal_iterator<_IteratorR, _Container>&)
     operator<(const __normal_iterator<_IteratorL, _Container>& __lhs,
     ^
/usr/include/c++/4.8/bits/stl_iterator.h:830:5: note:   template argument deduction/substitution failed:
Assignment3.cpp:971:21: note:   mismatched types ‘const __gnu_cxx::__normal_iterator<_IteratorL, _Container>’ and ‘int’
  for(int i = 0; i < sCells; i++)
                     ^
make: *** [Assignment3.o] Error 1
18:48:08 **** Incremental Build of configuration Default for project Assignment3 ****
make all 
g++ -c -g -Wno-write-strings -std=c++0x Assignment3.cpp
Assignment3.cpp: In function ‘void InitialPartition(std::vector<int>&)’:
Assignment3.cpp:971:19: error: no match for ‘operator<’ (operand types are ‘int’ and ‘std::vector<Cell>’)
  for(int i = 0; i < sCells; i++)
                   ^
Assignment3.cpp:971:19: note: candidates are:
In file included from /usr/include/c++/4.8/bits/stl_algobase.h:64:0,
                 from /usr/include/c++/4.8/bits/char_traits.h:39,
                 from /usr/include/c++/4.8/ios:40,
                 from /usr/include/c++/4.8/ostream:38,
                 from /usr/include/c++/4.8/iostream:39,
                 from Assignment3.cpp:7:
/usr/include/c++/4.8/bits/stl_pair.h:220:5: note: template<class _T1, class _T2> constexpr bool std::operator<(const std::pair<_T1, _T2>&, const std::pair<_T1, _T2>&)
     operator<(const pair<_T1, _T2>& __x, const pair<_T1, _T2>& __y)
     ^
/usr/include/c++/4.8/bits/stl_pair.h:220:5: note:   template argument deduction/substitution failed:
Assignment3.cpp:971:21: note:   mismatched types ‘const std::pair<_T1, _T2>’ and ‘int’
  for(int i = 0; i < sCells; i++)
                     ^
In file included from /usr/include/c++/4.8/bits/stl_algobase.h:67:0,
                 from /usr/include/c++/4.8/bits/char_traits.h:39,
                 from /usr/include/c++/4.8/ios:40,
                 from /usr/include/c++/4.8/ostream:38,
                 from /usr/include/c++/4.8/iostream:39,
                 from Assignment3.cpp:7:
/usr/include/c++/4.8/bits/stl_iterator.h:297:5: note: template<class _Iterator> bool std::operator<(const std::reverse_iterator<_Iterator>&, const std::reverse_iterator<_Iterator>&)
     operator<(const reverse_iterator<_Iterator>& __x,
     ^
/usr/include/c++/4.8/bits/stl_iterator.h:297:5: note:   template argument deduction/substitution failed:
Assignment3.cpp:971:21: note:   mismatched types ‘const std::reverse_iterator<_Iterator>’ and ‘int’
  for(int i = 0; i < sCells; i++)
                     ^
In file included from /usr/include/c++/4.8/bits/stl_algobase.h:67:0,
                 from /usr/include/c++/4.8/bits/char_traits.h:39,
                 from /usr/include/c++/4.8/ios:40,
                 from /usr/include/c++/4.8/ostream:38,
                 from /usr/include/c++/4.8/iostream:39,
                 from Assignment3.cpp:7:
/usr/include/c++/4.8/bits/stl_iterator.h:347:5: note: template<class _IteratorL, class _IteratorR> bool std::operator<(const std::reverse_iterator<_Iterator>&, const std::reverse_iterator<_IteratorR>&)
     operator<(const reverse_iterator<_IteratorL>& __x,
     ^
/usr/include/c++/4.8/bits/stl_iterator.h:347:5: note:   template argument deduction/substitution failed:
Assignment3.cpp:971:21: note:   mismatched types ‘const std::reverse_iterator<_Iterator>’ and ‘int’
  for(int i = 0; i < sCells; i++)
                     ^
In file included from /usr/include/c++/4.8/bits/stl_algobase.h:67:0,
                 from /usr/include/c++/4.8/bits/char_traits.h:39,
                 from /usr/include/c++/4.8/ios:40,
                 from /usr/include/c++/4.8/ostream:38,
                 from /usr/include/c++/4.8/iostream:39,
                 from Assignment3.cpp:7:
/usr/include/c++/4.8/bits/stl_iterator.h:1055:5: note: template<class _IteratorL, class _IteratorR> bool std::operator<(const std::move_iterator<_Iterator>&, const std::move_iterator<_IteratorR>&)
     operator<(const move_iterator<_IteratorL>& __x,
     ^
/usr/include/c++/4.8/bits/stl_iterator.h:1055:5: note:   template argument deduction/substitution failed:
Assignment3.cpp:971:21: note:   mismatched types ‘const std::move_iterator<_Iterator>’ and ‘int’
  for(int i = 0; i < sCells; i++)
                     ^
In file included from /usr/include/c++/4.8/bits/stl_algobase.h:67:0,
                 from /usr/include/c++/4.8/bits/char_traits.h:39,
                 from /usr/include/c++/4.8/ios:40,
                 from /usr/include/c++/4.8/ostream:38,
                 from /usr/include/c++/4.8/iostream:39,
                 from Assignment3.cpp:7:
/usr/include/c++/4.8/bits/stl_iterator.h:1061:5: note: template<class _Iterator> bool std::operator<(const std::move_iterator<_Iterator>&, const std::move_iterator<_Iterator>&)
     operator<(const move_iterator<_Iterator>& __x,
     ^
/usr/include/c++/4.8/bits/stl_iterator.h:1061:5: note:   template argument deduction/substitution failed:
Assignment3.cpp:971:21: note:   mismatched types ‘const std::move_iterator<_Iterator>’ and ‘int’
  for(int i = 0; i < sCells; i++)
                     ^
In file included from /usr/include/c++/4.8/string:52:0,
                 from /usr/include/c++/4.8/bits/locale_classes.h:40,
                 from /usr/include/c++/4.8/bits/ios_base.h:41,
                 from /usr/include/c++/4.8/ios:42,
                 from /usr/include/c++/4.8/ostream:38,
                 from /usr/include/c++/4.8/iostream:39,
                 from Assignment3.cpp:7:
/usr/include/c++/4.8/bits/basic_string.h:2569:5: note: template<class _CharT, class _Traits, class _Alloc> bool std::operator<(const std::basic_string<_CharT, _Traits, _Alloc>&, const std::basic_string<_CharT, _Traits, _Alloc>&)
     operator<(const basic_string<_CharT, _Traits, _Alloc>& __lhs,
     ^
/usr/include/c++/4.8/bits/basic_string.h:2569:5: note:   template argument deduction/substitution failed:
Assignment3.cpp:971:21: note:   mismatched types ‘const std::basic_string<_CharT, _Traits, _Alloc>’ and ‘int’
  for(int i = 0; i < sCells; i++)
                     ^
In file included from /usr/include/c++/4.8/string:52:0,
                 from /usr/include/c++/4.8/bits/locale_classes.h:40,
                 from /usr/include/c++/4.8/bits/ios_base.h:41,
                 from /usr/include/c++/4.8/ios:42,
                 from /usr/include/c++/4.8/ostream:38,
                 from /usr/include/c++/4.8/iostream:39,
                 from Assignment3.cpp:7:
/usr/include/c++/4.8/bits/basic_string.h:2581:5: note: template<class _CharT, class _Traits, class _Alloc> bool std::operator<(const std::basic_string<_CharT, _Traits, _Alloc>&, const _CharT*)
     operator<(const basic_string<_CharT, _Traits, _Alloc>& __lhs,
     ^
/usr/include/c++/4.8/bits/basic_string.h:2581:5: note:   template argument deduction/substitution failed:
Assignment3.cpp:971:21: note:   mismatched types ‘const std::basic_string<_CharT, _Traits, _Alloc>’ and ‘int’
  for(int i = 0; i < sCells; i++)
                     ^
In file included from /usr/include/c++/4.8/string:52:0,
                 from /usr/include/c++/4.8/bits/locale_classes.h:40,
                 from /usr/include/c++/4.8/bits/ios_base.h:41,
                 from /usr/include/c++/4.8/ios:42,
                 from /usr/include/c++/4.8/ostream:38,
                 from /usr/include/c++/4.8/iostream:39,
                 from Assignment3.cpp:7:
/usr/include/c++/4.8/bits/basic_string.h:2593:5: note: template<class _CharT, class _Traits, class _Alloc> bool std::operator<(const _CharT*, const std::basic_string<_CharT, _Traits, _Alloc>&)
     operator<(const _CharT* __lhs,
     ^
/usr/include/c++/4.8/bits/basic_string.h:2593:5: note:   template argument deduction/substitution failed:
Assignment3.cpp:971:21: note:   mismatched types ‘const _CharT*’ and ‘int’
  for(int i = 0; i < sCells; i++)
                     ^
In file included from /usr/include/c++/4.8/vector:64:0,
                 from Assignment3.cpp:10:
/usr/include/c++/4.8/bits/stl_vector.h:1421:5: note: template<class _Tp, class _Alloc> bool std::operator<(const std::vector<_Tp, _Alloc>&, const std::vector<_Tp, _Alloc>&)
     operator<(const vector<_Tp, _Alloc>& __x, const vector<_Tp, _Alloc>& __y)
     ^
/usr/include/c++/4.8/bits/stl_vector.h:1421:5: note:   template argument deduction/substitution failed:
Assignment3.cpp:971:21: note:   mismatched types ‘const std::vector<_Tp, _Alloc>’ and ‘int’
  for(int i = 0; i < sCells; i++)
                     ^
In file included from /usr/include/c++/4.8/tuple:39:0,
                 from /usr/include/c++/4.8/functional:55,
                 from /usr/include/c++/4.8/bits/stl_algo.h:66,
                 from /usr/include/c++/4.8/algorithm:62,
                 from Assignment3.cpp:15:
/usr/include/c++/4.8/array:238:5: note: template<class _Tp, long unsigned int _Nm> bool std::operator<(const std::array<_Tp, _Nm>&, const std::array<_Tp, _Nm>&)
     operator<(const array<_Tp, _Nm>& __a, const array<_Tp, _Nm>& __b)
     ^
/usr/include/c++/4.8/array:238:5: note:   template argument deduction/substitution failed:
Assignment3.cpp:971:21: note:   mismatched types ‘const std::array<_Tp, _Nm>’ and ‘int’
  for(int i = 0; i < sCells; i++)
                     ^
In file included from /usr/include/c++/4.8/functional:55:0,
                 from /usr/include/c++/4.8/bits/stl_algo.h:66,
                 from /usr/include/c++/4.8/algorithm:62,
                 from Assignment3.cpp:15:
/usr/include/c++/4.8/tuple:824:5: note: template<class ... _TElements, class ... _UElements> constexpr bool std::operator<(const std::tuple<_Elements ...>&, const std::tuple<_Elements ...>&)
     operator<(const tuple<_TElements...>& __t,
     ^
/usr/include/c++/4.8/tuple:824:5: note:   template argument deduction/substitution failed:
Assignment3.cpp:971:21: note:   mismatched types ‘const std::tuple<_Elements ...>’ and ‘int’
  for(int i = 0; i < sCells; i++)
                     ^
In file included from /usr/include/c++/4.8/bits/stl_algobase.h:67:0,
                 from /usr/include/c++/4.8/bits/char_traits.h:39,
                 from /usr/include/c++/4.8/ios:40,
                 from /usr/include/c++/4.8/ostream:38,
                 from /usr/include/c++/4.8/iostream:39,
                 from Assignment3.cpp:7:
/usr/include/c++/4.8/bits/stl_iterator.h:836:5: note: template<class _Iterator, class _Container> bool __gnu_cxx::operator<(const __gnu_cxx::__normal_iterator<_Iterator, _Container>&, const __gnu_cxx::__normal_iterator<_Iterator, _Container>&)
     operator<(const __normal_iterator<_Iterator, _Container>& __lhs,
     ^
/usr/include/c++/4.8/bits/stl_iterator.h:836:5: note:   template argument deduction/substitution failed:
Assignment3.cpp:971:21: note:   mismatched types ‘const __gnu_cxx::__normal_iterator<_Iterator, _Container>’ and ‘int’
  for(int i = 0; i < sCells; i++)
                     ^
In file included from /usr/include/c++/4.8/bits/stl_algobase.h:67:0,
                 from /usr/include/c++/4.8/bits/char_traits.h:39,
                 from /usr/include/c++/4.8/ios:40,
                 from /usr/include/c++/4.8/ostream:38,
                 from /usr/include/c++/4.8/iostream:39,
                 from Assignment3.cpp:7:
/usr/include/c++/4.8/bits/stl_iterator.h:830:5: note: template<class _IteratorL, class _IteratorR, class _Container> bool __gnu_cxx::operator<(const __gnu_cxx::__normal_iterator<_IteratorL, _Container>&, const __gnu_cxx::__normal_iterator<_IteratorR, _Container>&)
     operator<(const __normal_iterator<_IteratorL, _Container>& __lhs,
     ^
/usr/include/c++/4.8/bits/stl_iterator.h:830:5: note:   template argument deduction/substitution failed:
Assignment3.cpp:971:21: note:   mismatched types ‘const __gnu_cxx::__normal_iterator<_IteratorL, _Container>’ and ‘int’
  for(int i = 0; i < sCells; i++)
                     ^
make: *** [Assignment3.o] Error 1
18:48:44 **** Incremental Build of configuration Default for project Assignment3 ****
make all 
g++ -c -g -Wno-write-strings -std=c++0x Assignment3.cpp
g++ -g -Wno-write-strings -std=c++0x graphics.o Assignment3.o  -o Assignment3.exe -L/usr/openwin/lib -lX11 -lm
18:54:01 **** Incremental Build of configuration Default for project Assignment3 ****
make all 
g++ -c -g -Wno-write-strings -std=c++0x Assignment3.cpp
Assignment3.cpp: In function ‘void doKL()’:
Assignment3.cpp:937:25: error: ‘InitialPartition’ was not declared in this scope
  InitialPartition(vSides);
                         ^
make: *** [Assignment3.o] Error 1
18:54:28 **** Incremental Build of configuration Default for project Assignment3 ****
make all 
g++ -c -g -Wno-write-strings -std=c++0x Assignment3.cpp
g++ -g -Wno-write-strings -std=c++0x graphics.o Assignment3.o  -o Assignment3.exe -L/usr/openwin/lib -lX11 -lm
18:56:34 **** Incremental Build of configuration Default for project Assignment3 ****
make all 
g++ -c -g -Wno-write-strings -std=c++0x Assignment3.cpp
g++ -g -Wno-write-strings -std=c++0x graphics.o Assignment3.o  -o Assignment3.exe -L/usr/openwin/lib -lX11 -lm
18:57:44 **** Incremental Build of configuration Default for project Assignment3 ****
make all 
g++ -c -g -Wno-write-strings -std=c++0x Assignment3.cpp
g++ -g -Wno-write-strings -std=c++0x graphics.o Assignment3.o  -o Assignment3.exe -L/usr/openwin/lib -lX11 -lm
19:08:41 **** Incremental Build of configuration Default for project Assignment3 ****
make all 
g++ -c -g -Wno-write-strings -std=c++0x Assignment3.cpp
g++ -g -Wno-write-strings -std=c++0x graphics.o Assignment3.o  -o Assignment3.exe -L/usr/openwin/lib -lX11 -lm
19:11:30 **** Incremental Build of configuration Default for project Assignment3 ****
make all 
g++ -c -g -Wno-write-strings -std=c++0x Assignment3.cpp
Assignment3.cpp: In function ‘bool ParseNetFile()’:
Assignment3.cpp:97:8: error: cannot bind ‘std::basic_ostream<char>’ lvalue to ‘std::basic_ostream<char>&&’
   cout << "Line before: " << line;
        ^
In file included from /usr/include/c++/4.8/iostream:39:0,
                 from Assignment3.cpp:7:
/usr/include/c++/4.8/ostream:602:5: error:   initializing argument 1 of ‘std::basic_ostream<_CharT, _Traits>& std::operator<<(std::basic_ostream<_CharT, _Traits>&&, const _Tp&) [with _CharT = char; _Traits = std::char_traits<char>; _Tp = std::vector<int>]’
     operator<<(basic_ostream<_CharT, _Traits>&& __os, const _Tp& __x)
     ^
Assignment3.cpp:99:8: error: cannot bind ‘std::basic_ostream<char>’ lvalue to ‘std::basic_ostream<char>&&’
   cout << "Line before: " << line;
        ^
In file included from /usr/include/c++/4.8/iostream:39:0,
                 from Assignment3.cpp:7:
/usr/include/c++/4.8/ostream:602:5: error:   initializing argument 1 of ‘std::basic_ostream<_CharT, _Traits>& std::operator<<(std::basic_ostream<_CharT, _Traits>&&, const _Tp&) [with _CharT = char; _Traits = std::char_traits<char>; _Tp = std::vector<int>]’
     operator<<(basic_ostream<_CharT, _Traits>&& __os, const _Tp& __x)
     ^
make: *** [Assignment3.o] Error 1
19:12:06 **** Incremental Build of configuration Default for project Assignment3 ****
make all 
g++ -c -g -Wno-write-strings -std=c++0x Assignment3.cpp
g++ -g -Wno-write-strings -std=c++0x graphics.o Assignment3.o  -o Assignment3.exe -L/usr/openwin/lib -lX11 -lm
19:17:21 **** Incremental Build of configuration Default for project Assignment3 ****
make all 
g++ -c -g -Wno-write-strings -std=c++0x Assignment3.cpp
g++ -g -Wno-write-strings -std=c++0x graphics.o Assignment3.o  -o Assignment3.exe -L/usr/openwin/lib -lX11 -lm
19:21:07 **** Incremental Build of configuration Default for project Assignment3 ****
make all 
g++ -c -g -Wno-write-strings -std=c++0x Assignment3.cpp
g++ -g -Wno-write-strings -std=c++0x graphics.o Assignment3.o  -o Assignment3.exe -L/usr/openwin/lib -lX11 -lm
19:43:48 **** Incremental Build of configuration Default for project Assignment3 ****
make all 
g++ -g -Wno-write-strings -std=c++0x graphics.o Assignment3.o  -o Assignment3.exe -L/usr/openwin/lib -lX11 -lm
19:44:28 **** Incremental Build of configuration Default for project Assignment3 ****
make all 
g++ -c -g -Wno-write-strings -std=c++0x Assignment3.cpp
g++ -g -Wno-write-strings -std=c++0x graphics.o Assignment3.o  -o Assignment3.exe -L/usr/openwin/lib -lX11 -lm
19:45:41 **** Incremental Build of configuration Default for project Assignment3 ****
make all 
g++ -c -g -Wno-write-strings -std=c++0x Assignment3.cpp
g++ -g -Wno-write-strings -std=c++0x graphics.o Assignment3.o  -o Assignment3.exe -L/usr/openwin/lib -lX11 -lm
20:45:57 **** Incremental Build of configuration Default for project Assignment3 ****
make all 
g++ -c -g -Wno-write-strings -std=c++0x Assignment3.cpp
g++ -g -Wno-write-strings -std=c++0x graphics.o Assignment3.o  -o Assignment3.exe -L/usr/openwin/lib -lX11 -lm
21:06:26 **** Incremental Build of configuration Default for project Assignment3 ****
make all 
g++ -c -g -Wno-write-strings -std=c++0x Assignment3.cpp
Assignment3.cpp: In function ‘int calculateGainForCell(int, std::vector<int>&)’:
Assignment3.cpp:729:6: error: ‘multiEdge’ was not declared in this scope
   if(multiEdge)
      ^
make: *** [Assignment3.o] Error 1
21:07:10 **** Incremental Build of configuration Default for project Assignment3 ****
make all 
g++ -c -g -Wno-write-strings -std=c++0x Assignment3.cpp
g++ -g -Wno-write-strings -std=c++0x graphics.o Assignment3.o  -o Assignment3.exe -L/usr/openwin/lib -lX11 -lm
21:07:55 **** Incremental Build of configuration Default for project Assignment3 ****
make all 
g++ -c -g -Wno-write-strings -std=c++0x Assignment3.cpp
g++ -g -Wno-write-strings -std=c++0x graphics.o Assignment3.o  -o Assignment3.exe -L/usr/openwin/lib -lX11 -lm
21:12:14 **** Incremental Build of configuration Default for project Assignment3 ****
make all 
g++ -c -g -Wno-write-strings -std=c++0x Assignment3.cpp
g++ -g -Wno-write-strings -std=c++0x graphics.o Assignment3.o  -o Assignment3.exe -L/usr/openwin/lib -lX11 -lm
21:13:40 **** Incremental Build of configuration Default for project Assignment3 ****
make all 
g++ -c -g -Wno-write-strings -std=c++0x Assignment3.cpp
g++ -g -Wno-write-strings -std=c++0x graphics.o Assignment3.o  -o Assignment3.exe -L/usr/openwin/lib -lX11 -lm
21:14:37 **** Incremental Build of configuration Default for project Assignment3 ****
make all 
g++ -c -g -Wno-write-strings -std=c++0x Assignment3.cpp
g++ -g -Wno-write-strings -std=c++0x graphics.o Assignment3.o  -o Assignment3.exe -L/usr/openwin/lib -lX11 -lm
21:15:21 **** Incremental Build of configuration Default for project Assignment3 ****
make all 
g++ -c -g -Wno-write-strings -std=c++0x Assignment3.cpp
g++ -g -Wno-write-strings -std=c++0x graphics.o Assignment3.o  -o Assignment3.exe -L/usr/openwin/lib -lX11 -lm
21:15:56 **** Incremental Build of configuration Default for project Assignment3 ****
make all 
g++ -c -g -Wno-write-strings -std=c++0x Assignment3.cpp
g++ -g -Wno-write-strings -std=c++0x graphics.o Assignment3.o  -o Assignment3.exe -L/usr/openwin/lib -lX11 -lm
21:18:18 **** Incremental Build of configuration Default for project Assignment3 ****
make all 
g++ -c -g -Wno-write-strings -std=c++0x Assignment3.cpp
g++ -g -Wno-write-strings -std=c++0x graphics.o Assignment3.o  -o Assignment3.exe -L/usr/openwin/lib -lX11 -lm
21:21:15 **** Incremental Build of configuration Default for project Assignment3 ****
make all 
g++ -c -g -Wno-write-strings -std=c++0x Assignment3.cpp
g++ -g -Wno-write-strings -std=c++0x graphics.o Assignment3.o  -o Assignment3.exe -L/usr/openwin/lib -lX11 -lm
21:23:54 **** Incremental Build of configuration Default for project Assignment3 ****
make all 
g++ -c -g -Wno-write-strings -std=c++0x Assignment3.cpp
g++ -g -Wno-write-strings -std=c++0x graphics.o Assignment3.o  -o Assignment3.exe -L/usr/openwin/lib -lX11 -lm
21:26:52 **** Incremental Build of configuration Default for project Assignment3 ****
make all 
g++ -c -g -Wno-write-strings -std=c++0x Assignment3.cpp
Assignment3.cpp: In function ‘float calculateGainForCell(int, std::vector<int>&)’:
Assignment3.cpp:721:58: error: new declaration ‘float calculateGainForCell(int, std::vector<int>&)’
 float calculateGainForCell(int iCell, vector<int> &vSides)
                                                          ^
In file included from Assignment3.cpp:18:0:
Assignment3.hpp:76:5: error: ambiguates old declaration ‘int calculateGainForCell(int, std::vector<int>&)’
 int calculateGainForCell(int iCell, vector<int> &vSides);
     ^
make: *** [Assignment3.o] Error 1
21:27:20 **** Incremental Build of configuration Default for project Assignment3 ****
make all 
g++ -c -g -Wno-write-strings -std=c++0x Assignment3.cpp
g++ -g -Wno-write-strings -std=c++0x graphics.o Assignment3.o  -o Assignment3.exe -L/usr/openwin/lib -lX11 -lm
21:32:59 **** Incremental Build of configuration Default for project Assignment3 ****
make all 
g++ -c -g -Wno-write-strings -std=c++0x Assignment3.cpp
Assignment3.cpp: In function ‘float calculateGainForCell(int, std::vector<int>&)’:
Assignment3.cpp:774:5: error: expected ‘;’ before ‘}’ token
     }
     ^
make: *** [Assignment3.o] Error 1
21:33:10 **** Incremental Build of configuration Default for project Assignment3 ****
make all 
g++ -c -g -Wno-write-strings -std=c++0x Assignment3.cpp
g++ -g -Wno-write-strings -std=c++0x graphics.o Assignment3.o  -o Assignment3.exe -L/usr/openwin/lib -lX11 -lm
21:34:50 **** Incremental Build of configuration Default for project Assignment3 ****
make all 
g++ -c -g -Wno-write-strings -std=c++0x Assignment3.cpp
Assignment3.cpp: In function ‘void updateGainsForConnectedNets(int, std::vector<int>&, std::vector<int>&)’:
Assignment3.cpp:708:38: error: invalid initialization of reference of type ‘std::vector<float>&’ from expression of type ‘std::vector<int>’
   updateGainForNet(net, gains, vSides);
                                      ^
In file included from Assignment3.cpp:18:0:
Assignment3.hpp:78:6: error: in passing argument 2 of ‘void updateGainForNet(int, std::vector<float>&, std::vector<int>&)’
 void updateGainForNet(int net, vector<float> &gains, vector<int> &vSides);
      ^
Assignment3.cpp: In function ‘std::vector<float> calculateAllGains(std::vector<int>&)’:
Assignment3.cpp:787:52: error: new declaration ‘std::vector<float> calculateAllGains(std::vector<int>&)’
 vector<float> calculateAllGains(vector<int> &vSides)
                                                    ^
In file included from Assignment3.cpp:18:0:
Assignment3.hpp:66:13: error: ambiguates old declaration ‘std::vector<int> calculateAllGains(std::vector<int>&)’
 vector<int> calculateAllGains(vector<int> &vSides);
             ^
Assignment3.cpp: In function ‘void doSingleKL(std::vector<int>&)’:
Assignment3.cpp:861:54: error: conversion from ‘std::vector<int>’ to non-scalar type ‘std::vector<float>’ requested
  vector<float> gains = calculateAllGains(vSidesBackup);
                                                      ^
make: *** [Assignment3.o] Error 1
21:35:17 **** Incremental Build of configuration Default for project Assignment3 ****
make all 
g++ -c -g -Wno-write-strings -std=c++0x Assignment3.cpp
Assignment3.cpp: In function ‘void updateGainsForConnectedNets(int, std::vector<int>&, std::vector<int>&)’:
Assignment3.cpp:708:38: error: invalid initialization of reference of type ‘std::vector<float>&’ from expression of type ‘std::vector<int>’
   updateGainForNet(net, gains, vSides);
                                      ^
In file included from Assignment3.cpp:18:0:
Assignment3.hpp:78:6: error: in passing argument 2 of ‘void updateGainForNet(int, std::vector<float>&, std::vector<int>&)’
 void updateGainForNet(int net, vector<float> &gains, vector<int> &vSides);
      ^
make: *** [Assignment3.o] Error 1
21:35:46 **** Incremental Build of configuration Default for project Assignment3 ****
make all 
g++ -c -g -Wno-write-strings -std=c++0x Assignment3.cpp
g++ -g -Wno-write-strings -std=c++0x graphics.o Assignment3.o  -o Assignment3.exe -L/usr/openwin/lib -lX11 -lm
21:37:04 **** Incremental Build of configuration Default for project Assignment3 ****
make all 
g++ -c -g -Wno-write-strings -std=c++0x Assignment3.cpp
g++ -g -Wno-write-strings -std=c++0x graphics.o Assignment3.o  -o Assignment3.exe -L/usr/openwin/lib -lX11 -lm
21:37:49 **** Incremental Build of configuration Default for project Assignment3 ****
make all 
g++ -c -g -Wno-write-strings -std=c++0x Assignment3.cpp
g++ -g -Wno-write-strings -std=c++0x graphics.o Assignment3.o  -o Assignment3.exe -L/usr/openwin/lib -lX11 -lm
21:41:16 **** Incremental Build of configuration Default for project Assignment3 ****
make all 
g++ -c -g -Wno-write-strings -std=c++0x Assignment3.cpp
g++ -g -Wno-write-strings -std=c++0x graphics.o Assignment3.o  -o Assignment3.exe -L/usr/openwin/lib -lX11 -lm
21:41:57 **** Incremental Build of configuration Default for project Assignment3 ****
make all 
g++ -c -g -Wno-write-strings -std=c++0x Assignment3.cpp
g++ -g -Wno-write-strings -std=c++0x graphics.o Assignment3.o  -o Assignment3.exe -L/usr/openwin/lib -lX11 -lm
21:42:11 **** Incremental Build of configuration Default for project Assignment3 ****
make all 
g++ -c -g -Wno-write-strings -std=c++0x Assignment3.cpp
g++ -g -Wno-write-strings -std=c++0x graphics.o Assignment3.o  -o Assignment3.exe -L/usr/openwin/lib -lX11 -lm
21:42:32 **** Incremental Build of configuration Default for project Assignment3 ****
make all 
g++ -c -g -Wno-write-strings -std=c++0x Assignment3.cpp
g++ -g -Wno-write-strings -std=c++0x graphics.o Assignment3.o  -o Assignment3.exe -L/usr/openwin/lib -lX11 -lm
21:45:00 **** Incremental Build of configuration Default for project Assignment3 ****
make all 
g++ -c -g -Wno-write-strings -std=c++0x Assignment3.cpp
g++ -g -Wno-write-strings -std=c++0x graphics.o Assignment3.o  -o Assignment3.exe -L/usr/openwin/lib -lX11 -lm
21:45:16 **** Incremental Build of configuration Default for project Assignment3 ****
make all 
g++ -c -g -Wno-write-strings -std=c++0x Assignment3.cpp
g++ -g -Wno-write-strings -std=c++0x graphics.o Assignment3.o  -o Assignment3.exe -L/usr/openwin/lib -lX11 -lm
21:45:39 **** Incremental Build of configuration Default for project Assignment3 ****
make all 
g++ -c -g -Wno-write-strings -std=c++0x Assignment3.cpp
g++ -g -Wno-write-strings -std=c++0x graphics.o Assignment3.o  -o Assignment3.exe -L/usr/openwin/lib -lX11 -lm
21:45:52 **** Incremental Build of configuration Default for project Assignment3 ****
make all 
g++ -c -g -Wno-write-strings -std=c++0x Assignment3.cpp
g++ -g -Wno-write-strings -std=c++0x graphics.o Assignment3.o  -o Assignment3.exe -L/usr/openwin/lib -lX11 -lm
21:46:04 **** Incremental Build of configuration Default for project Assignment3 ****
make all 
g++ -c -g -Wno-write-strings -std=c++0x Assignment3.cpp
g++ -g -Wno-write-strings -std=c++0x graphics.o Assignment3.o  -o Assignment3.exe -L/usr/openwin/lib -lX11 -lm
21:46:17 **** Incremental Build of configuration Default for project Assignment3 ****
make all 
g++ -c -g -Wno-write-strings -std=c++0x Assignment3.cpp
g++ -g -Wno-write-strings -std=c++0x graphics.o Assignment3.o  -o Assignment3.exe -L/usr/openwin/lib -lX11 -lm
21:46:28 **** Incremental Build of configuration Default for project Assignment3 ****
make all 
g++ -c -g -Wno-write-strings -std=c++0x Assignment3.cpp
g++ -g -Wno-write-strings -std=c++0x graphics.o Assignment3.o  -o Assignment3.exe -L/usr/openwin/lib -lX11 -lm
21:46:44 **** Incremental Build of configuration Default for project Assignment3 ****
make all 
g++ -c -g -Wno-write-strings -std=c++0x Assignment3.cpp
g++ -g -Wno-write-strings -std=c++0x graphics.o Assignment3.o  -o Assignment3.exe -L/usr/openwin/lib -lX11 -lm
21:47:01 **** Incremental Build of configuration Default for project Assignment3 ****
make all 
g++ -c -g -Wno-write-strings -std=c++0x Assignment3.cpp
g++ -g -Wno-write-strings -std=c++0x graphics.o Assignment3.o  -o Assignment3.exe -L/usr/openwin/lib -lX11 -lm
21:47:15 **** Incremental Build of configuration Default for project Assignment3 ****
make all 
g++ -c -g -Wno-write-strings -std=c++0x Assignment3.cpp
g++ -g -Wno-write-strings -std=c++0x graphics.o Assignment3.o  -o Assignment3.exe -L/usr/openwin/lib -lX11 -lm
21:47:30 **** Incremental Build of configuration Default for project Assignment3 ****
make all 
g++ -c -g -Wno-write-strings -std=c++0x Assignment3.cpp
g++ -g -Wno-write-strings -std=c++0x graphics.o Assignment3.o  -o Assignment3.exe -L/usr/openwin/lib -lX11 -lm
21:47:49 **** Incremental Build of configuration Default for project Assignment3 ****
make all 
g++ -c -g -Wno-write-strings -std=c++0x Assignment3.cpp
g++ -g -Wno-write-strings -std=c++0x graphics.o Assignment3.o  -o Assignment3.exe -L/usr/openwin/lib -lX11 -lm
21:48:20 **** Incremental Build of configuration Default for project Assignment3 ****
make all 
g++ -c -g -Wno-write-strings -std=c++0x Assignment3.cpp
g++ -g -Wno-write-strings -std=c++0x graphics.o Assignment3.o  -o Assignment3.exe -L/usr/openwin/lib -lX11 -lm
21:48:34 **** Incremental Build of configuration Default for project Assignment3 ****
make all 
g++ -c -g -Wno-write-strings -std=c++0x Assignment3.cpp
g++ -g -Wno-write-strings -std=c++0x graphics.o Assignment3.o  -o Assignment3.exe -L/usr/openwin/lib -lX11 -lm
21:49:00 **** Incremental Build of configuration Default for project Assignment3 ****
make all 
g++ -c -g -Wno-write-strings -std=c++0x Assignment3.cpp
g++ -g -Wno-write-strings -std=c++0x graphics.o Assignment3.o  -o Assignment3.exe -L/usr/openwin/lib -lX11 -lm
21:49:27 **** Incremental Build of configuration Default for project Assignment3 ****
make all 
g++ -c -g -Wno-write-strings -std=c++0x Assignment3.cpp
g++ -g -Wno-write-strings -std=c++0x graphics.o Assignment3.o  -o Assignment3.exe -L/usr/openwin/lib -lX11 -lm
21:49:51 **** Incremental Build of configuration Default for project Assignment3 ****
make all 
g++ -c -g -Wno-write-strings -std=c++0x Assignment3.cpp
g++ -g -Wno-write-strings -std=c++0x graphics.o Assignment3.o  -o Assignment3.exe -L/usr/openwin/lib -lX11 -lm
21:50:11 **** Incremental Build of configuration Default for project Assignment3 ****
make all 
g++ -c -g -Wno-write-strings -std=c++0x Assignment3.cpp
g++ -g -Wno-write-strings -std=c++0x graphics.o Assignment3.o  -o Assignment3.exe -L/usr/openwin/lib -lX11 -lm
21:50:35 **** Incremental Build of configuration Default for project Assignment3 ****
make all 
g++ -c -g -Wno-write-strings -std=c++0x Assignment3.cpp
g++ -g -Wno-write-strings -std=c++0x graphics.o Assignment3.o  -o Assignment3.exe -L/usr/openwin/lib -lX11 -lm
21:50:49 **** Incremental Build of configuration Default for project Assignment3 ****
make all 
g++ -c -g -Wno-write-strings -std=c++0x Assignment3.cpp
g++ -g -Wno-write-strings -std=c++0x graphics.o Assignment3.o  -o Assignment3.exe -L/usr/openwin/lib -lX11 -lm
21:51:22 **** Incremental Build of configuration Default for project Assignment3 ****
make all 
g++ -c -g -Wno-write-strings -std=c++0x Assignment3.cpp
g++ -g -Wno-write-strings -std=c++0x graphics.o Assignment3.o  -o Assignment3.exe -L/usr/openwin/lib -lX11 -lm
21:51:45 **** Incremental Build of configuration Default for project Assignment3 ****
make all 
g++ -c -g -Wno-write-strings -std=c++0x Assignment3.cpp
g++ -g -Wno-write-strings -std=c++0x graphics.o Assignment3.o  -o Assignment3.exe -L/usr/openwin/lib -lX11 -lm
21:52:05 **** Incremental Build of configuration Default for project Assignment3 ****
make all 
g++ -c -g -Wno-write-strings -std=c++0x Assignment3.cpp
g++ -g -Wno-write-strings -std=c++0x graphics.o Assignment3.o  -o Assignment3.exe -L/usr/openwin/lib -lX11 -lm
22:20:57 **** Incremental Build of configuration Default for project Assignment3 ****
make all 
g++ -c -g -Wno-write-strings -std=c++0x Assignment3.cpp
g++ -g -Wno-write-strings -std=c++0x graphics.o Assignment3.o  -o Assignment3.exe -L/usr/openwin/lib -lX11 -lm
22:21:19 **** Incremental Build of configuration Default for project Assignment3 ****
make all 
g++ -g -Wno-write-strings -std=c++0x graphics.o Assignment3.o  -o Assignment3.exe -L/usr/openwin/lib -lX11 -lm
22:21:55 **** Incremental Build of configuration Default for project Assignment3 ****
make all 
g++ -g -Wno-write-strings -std=c++0x graphics.o Assignment3.o  -o Assignment3.exe -L/usr/openwin/lib -lX11 -lm
22:22:14 **** Incremental Build of configuration Default for project Assignment3 ****
make all 
g++ -g -Wno-write-strings -std=c++0x graphics.o Assignment3.o  -o Assignment3.exe -L/usr/openwin/lib -lX11 -lm
22:22:52 **** Incremental Build of configuration Default for project Assignment3 ****
make all 
g++ -g -Wno-write-strings -std=c++0x graphics.o Assignment3.o  -o Assignment3.exe -L/usr/openwin/lib -lX11 -lm
22:23:45 **** Incremental Build of configuration Default for project Assignment3 ****
make all 
g++ -c -g -Wno-write-strings -std=c++0x Assignment3.cpp
g++ -g -Wno-write-strings -std=c++0x graphics.o Assignment3.o  -o Assignment3.exe -L/usr/openwin/lib -lX11 -lm
22:25:20 **** Incremental Build of configuration Default for project Assignment3 ****
make all 
g++ -c -g -Wno-write-strings -std=c++0x Assignment3.cpp
g++ -g -Wno-write-strings -std=c++0x graphics.o Assignment3.o  -o Assignment3.exe -L/usr/openwin/lib -lX11 -lm
22:26:20 **** Incremental Build of configuration Default for project Assignment3 ****
make all 
g++ -c -g -Wno-write-strings -std=c++0x Assignment3.cpp
g++ -g -Wno-write-strings -std=c++0x graphics.o Assignment3.o  -o Assignment3.exe -L/usr/openwin/lib -lX11 -lm
22:27:32 **** Incremental Build of configuration Default for project Assignment3 ****
make all 
g++ -c -g -Wno-write-strings -std=c++0x Assignment3.cpp
g++ -g -Wno-write-strings -std=c++0x graphics.o Assignment3.o  -o Assignment3.exe -L/usr/openwin/lib -lX11 -lm
22:28:28 **** Incremental Build of configuration Default for project Assignment3 ****
make all 
g++ -c -g -Wno-write-strings -std=c++0x Assignment3.cpp
g++ -g -Wno-write-strings -std=c++0x graphics.o Assignment3.o  -o Assignment3.exe -L/usr/openwin/lib -lX11 -lm
22:28:55 **** Incremental Build of configuration Default for project Assignment3 ****
make all 
g++ -c -g -Wno-write-strings -std=c++0x Assignment3.cpp
g++ -g -Wno-write-strings -std=c++0x graphics.o Assignment3.o  -o Assignment3.exe -L/usr/openwin/lib -lX11 -lm
22:29:36 **** Incremental Build of configuration Default for project Assignment3 ****
make all 
g++ -c -g -Wno-write-strings -std=c++0x Assignment3.cpp
g++ -g -Wno-write-strings -std=c++0x graphics.o Assignment3.o  -o Assignment3.exe -L/usr/openwin/lib -lX11 -lm
22:30:12 **** Incremental Build of configuration Default for project Assignment3 ****
make all 
g++ -c -g -Wno-write-strings -std=c++0x Assignment3.cpp
g++ -g -Wno-write-strings -std=c++0x graphics.o Assignment3.o  -o Assignment3.exe -L/usr/openwin/lib -lX11 -lm
22:30:29 **** Incremental Build of configuration Default for project Assignment3 ****
make all 
g++ -c -g -Wno-write-strings -std=c++0x Assignment3.cpp
g++ -g -Wno-write-strings -std=c++0x graphics.o Assignment3.o  -o Assignment3.exe -L/usr/openwin/lib -lX11 -lm
22:31:21 **** Incremental Build of configuration Default for project Assignment3 ****
make all 
g++ -c -g -Wno-write-strings -std=c++0x Assignment3.cpp
g++ -g -Wno-write-strings -std=c++0x graphics.o Assignment3.o  -o Assignment3.exe -L/usr/openwin/lib -lX11 -lm
22:33:11 **** Incremental Build of configuration Default for project Assignment3 ****
make all 
g++ -c -g -Wno-write-strings -std=c++0x Assignment3.cpp
g++ -g -Wno-write-strings -std=c++0x graphics.o Assignment3.o  -o Assignment3.exe -L/usr/openwin/lib -lX11 -lm
22:33:33 **** Incremental Build of configuration Default for project Assignment3 ****
make all 
g++ -c -g -Wno-write-strings -std=c++0x Assignment3.cpp
g++ -g -Wno-write-strings -std=c++0x graphics.o Assignment3.o  -o Assignment3.exe -L/usr/openwin/lib -lX11 -lm
22:33:58 **** Incremental Build of configuration Default for project Assignment3 ****
make all 
g++ -c -g -Wno-write-strings -std=c++0x Assignment3.cpp
g++ -g -Wno-write-strings -std=c++0x graphics.o Assignment3.o  -o Assignment3.exe -L/usr/openwin/lib -lX11 -lm
22:34:11 **** Incremental Build of configuration Default for project Assignment3 ****
make all 
g++ -c -g -Wno-write-strings -std=c++0x Assignment3.cpp
g++ -g -Wno-write-strings -std=c++0x graphics.o Assignment3.o  -o Assignment3.exe -L/usr/openwin/lib -lX11 -lm
22:37:54 **** Incremental Build of configuration Default for project Assignment3 ****
make all 
g++ -c -g -Wno-write-strings -std=c++0x Assignment3.cpp
g++ -g -Wno-write-strings -std=c++0x graphics.o Assignment3.o  -o Assignment3.exe -L/usr/openwin/lib -lX11 -lm
22:58:11 **** Incremental Build of configuration Default for project Assignment3 ****
make all 
g++ -c -O2 -Wno-write-strings -std=c++0x Assignment3.cpp
Assignment3.cpp: In function ‘void DrawGrid()’:
Assignment3.cpp:125:12: error: expected primary-expression before ‘float’
  drawline (float x1, float y1, float x2, float y2);
            ^
Assignment3.cpp:125:22: error: expected primary-expression before ‘float’
  drawline (float x1, float y1, float x2, float y2);
                      ^
Assignment3.cpp:125:32: error: expected primary-expression before ‘float’
  drawline (float x1, float y1, float x2, float y2);
                                ^
Assignment3.cpp:125:42: error: expected primary-expression before ‘float’
  drawline (float x1, float y1, float x2, float y2);
                                          ^
Assignment3.cpp:131:12: error: ‘v’ was not declared in this scope
  drawrect (v.x- LEFT_EDGE, v.y, v.x + sBoxDim*sWidthStretchForText - LEFT_EDGE, v.y + sBoxDim);
            ^
make: *** [Assignment3.o] Error 1
22:58:32 **** Incremental Build of configuration Default for project Assignment3 ****
make all 
g++ -c -O2 -Wno-write-strings -std=c++0x Assignment3.cpp
g++ -O2 -Wno-write-strings -std=c++0x graphics.o Assignment3.o  -o Assignment3.exe -L/usr/openwin/lib -lX11 -lm
22:58:50 **** Incremental Build of configuration Default for project Assignment3 ****
make all 
g++ -O2 -Wno-write-strings -std=c++0x graphics.o Assignment3.o  -o Assignment3.exe -L/usr/openwin/lib -lX11 -lm
22:59:23 **** Incremental Build of configuration Default for project Assignment3 ****
make all 
g++ -O2 -Wno-write-strings -std=c++0x graphics.o Assignment3.o  -o Assignment3.exe -L/usr/openwin/lib -lX11 -lm
22:59:41 **** Clean-only build of configuration Default for project Assignment3 ****
make clean 
rm *.o *.exe
22:59:43 **** Build of configuration Default for project Assignment3 ****
make all 
g++ -c -O2 -Wno-write-strings -std=c++0x -I/usr/openwin/include graphics.c
g++ -c -O2 -Wno-write-strings -std=c++0x Assignment3.cpp
g++ -O2 -Wno-write-strings -std=c++0x graphics.o Assignment3.o  -o Assignment3.exe -L/usr/openwin/lib -lX11 -lm
22:59:57 **** Incremental Build of configuration Default for project Assignment3 ****
make all 
g++ -g -Wno-write-strings -std=c++0x graphics.o Assignment3.o  -o Assignment3.exe -L/usr/openwin/lib -lX11 -lm
23:00:49 **** Incremental Build of configuration Default for project Assignment3 ****
make all 
g++ -c -g -Wno-write-strings -std=c++0x Assignment3.cpp
g++ -g -Wno-write-strings -std=c++0x graphics.o Assignment3.o  -o Assignment3.exe -L/usr/openwin/lib -lX11 -lm
23:01:25 **** Incremental Build of configuration Default for project Assignment3 ****
make all 
g++ -c -g -Wno-write-strings -std=c++0x Assignment3.cpp
g++ -g -Wno-write-strings -std=c++0x graphics.o Assignment3.o  -o Assignment3.exe -L/usr/openwin/lib -lX11 -lm
23:02:07 **** Incremental Build of configuration Default for project Assignment3 ****
make all 
g++ -c -g -Wno-write-strings -std=c++0x Assignment3.cpp
g++ -g -Wno-write-strings -std=c++0x graphics.o Assignment3.o  -o Assignment3.exe -L/usr/openwin/lib -lX11 -lm
23:03:22 **** Incremental Build of configuration Default for project Assignment3 ****
make all 
g++ -c -g -Wno-write-strings -std=c++0x Assignment3.cpp
g++ -g -Wno-write-strings -std=c++0x graphics.o Assignment3.o  -o Assignment3.exe -L/usr/openwin/lib -lX11 -lm
23:03:57 **** Incremental Build of configuration Default for project Assignment3 ****
make all 
g++ -c -g -Wno-write-strings -std=c++0x Assignment3.cpp
g++ -g -Wno-write-strings -std=c++0x graphics.o Assignment3.o  -o Assignment3.exe -L/usr/openwin/lib -lX11 -lm
23:04:18 **** Incremental Build of configuration Default for project Assignment3 ****
make all 
g++ -c -g -Wno-write-strings -std=c++0x Assignment3.cpp
g++ -g -Wno-write-strings -std=c++0x graphics.o Assignment3.o  -o Assignment3.exe -L/usr/openwin/lib -lX11 -lm
23:04:38 **** Incremental Build of configuration Default for project Assignment3 ****
make all 
g++ -c -g -Wno-write-strings -std=c++0x Assignment3.cpp
g++ -g -Wno-write-strings -std=c++0x graphics.o Assignment3.o  -o Assignment3.exe -L/usr/openwin/lib -lX11 -lm
23:05:00 **** Incremental Build of configuration Default for project Assignment3 ****
make all 
g++ -c -g -Wno-write-strings -std=c++0x Assignment3.cpp
g++ -g -Wno-write-strings -std=c++0x graphics.o Assignment3.o  -o Assignment3.exe -L/usr/openwin/lib -lX11 -lm
23:05:18 **** Incremental Build of configuration Default for project Assignment3 ****
make all 
g++ -c -g -Wno-write-strings -std=c++0x Assignment3.cpp
g++ -g -Wno-write-strings -std=c++0x graphics.o Assignment3.o  -o Assignment3.exe -L/usr/openwin/lib -lX11 -lm
23:07:13 **** Incremental Build of configuration Default for project Assignment3 ****
make all 
g++ -c -g -Wno-write-strings -std=c++0x Assignment3.cpp
g++ -g -Wno-write-strings -std=c++0x graphics.o Assignment3.o  -o Assignment3.exe -L/usr/openwin/lib -lX11 -lm
23:07:48 **** Incremental Build of configuration Default for project Assignment3 ****
make all 
g++ -c -g -Wno-write-strings -std=c++0x Assignment3.cpp
g++ -g -Wno-write-strings -std=c++0x graphics.o Assignment3.o  -o Assignment3.exe -L/usr/openwin/lib -lX11 -lm
23:08:49 **** Incremental Build of configuration Default for project Assignment3 ****
make all 
g++ -c -g -Wno-write-strings -std=c++0x Assignment3.cpp
g++ -g -Wno-write-strings -std=c++0x graphics.o Assignment3.o  -o Assignment3.exe -L/usr/openwin/lib -lX11 -lm
23:08:51 **** Incremental Build of configuration Default for project Assignment3 ****
make all 
g++ -g -Wno-write-strings -std=c++0x graphics.o Assignment3.o  -o Assignment3.exe -L/usr/openwin/lib -lX11 -lm
23:10:38 **** Incremental Build of configuration Default for project Assignment3 ****
make all 
g++ -c -g -Wno-write-strings -std=c++0x Assignment3.cpp
g++ -g -Wno-write-strings -std=c++0x graphics.o Assignment3.o  -o Assignment3.exe -L/usr/openwin/lib -lX11 -lm
23:10:52 **** Incremental Build of configuration Default for project Assignment3 ****
make all 
g++ -c -g -Wno-write-strings -std=c++0x Assignment3.cpp
g++ -g -Wno-write-strings -std=c++0x graphics.o Assignment3.o  -o Assignment3.exe -L/usr/openwin/lib -lX11 -lm
23:11:07 **** Incremental Build of configuration Default for project Assignment3 ****
make all 
g++ -g -Wno-write-strings -std=c++0x graphics.o Assignment3.o  -o Assignment3.exe -L/usr/openwin/lib -lX11 -lm
23:11:44 **** Incremental Build of configuration Default for project Assignment3 ****
make all 
g++ -c -g -Wno-write-strings -std=c++0x Assignment3.cpp
g++ -g -Wno-write-strings -std=c++0x graphics.o Assignment3.o  -o Assignment3.exe -L/usr/openwin/lib -lX11 -lm
23:12:15 **** Incremental Build of configuration Default for project Assignment3 ****
make all 
g++ -g -Wno-write-strings -std=c++0x graphics.o Assignment3.o  -o Assignment3.exe -L/usr/openwin/lib -lX11 -lm
23:13:09 **** Incremental Build of configuration Default for project Assignment3 ****
make all 
g++ -g -Wno-write-strings -std=c++0x graphics.o Assignment3.o  -o Assignment3.exe -L/usr/openwin/lib -lX11 -lm
23:13:55 **** Incremental Build of configuration Default for project Assignment3 ****
make all 
g++ -g -Wno-write-strings -std=c++0x graphics.o Assignment3.o  -o Assignment3.exe -L/usr/openwin/lib -lX11 -lm
23:15:33 **** Incremental Build of configuration Default for project Assignment3 ****
make all 
g++ -c -g -Wno-write-strings -std=c++0x Assignment3.cpp
g++ -g -Wno-write-strings -std=c++0x graphics.o Assignment3.o  -o Assignment3.exe -L/usr/openwin/lib -lX11 -lm
23:15:50 **** Incremental Build of configuration Default for project Assignment3 ****
make all 
g++ -g -Wno-write-strings -std=c++0x graphics.o Assignment3.o  -o Assignment3.exe -L/usr/openwin/lib -lX11 -lm
23:17:30 **** Incremental Build of configuration Default for project Assignment3 ****
make all 
g++ -c -g -Wno-write-strings -std=c++0x Assignment3.cpp
g++ -g -Wno-write-strings -std=c++0x graphics.o Assignment3.o  -o Assignment3.exe -L/usr/openwin/lib -lX11 -lm
23:17:49 **** Clean-only build of configuration Default for project Assignment3 ****
make clean 
rm *.o *.exe
23:17:51 **** Build of configuration Default for project Assignment3 ****
make all 
g++ -c -g -Wno-write-strings -std=c++0x -I/usr/openwin/include graphics.c
g++ -c -g -Wno-write-strings -std=c++0x Assignment3.cpp
g++ -g -Wno-write-strings -std=c++0x graphics.o Assignment3.o  -o Assignment3.exe -L/usr/openwin/lib -lX11 -lm
23:18:14 **** Incremental Build of configuration Default for project Assignment3 ****
make all 
g++ -g -Wno-write-strings -std=c++0x graphics.o Assignment3.o  -o Assignment3.exe -L/usr/openwin/lib -lX11 -lm
23:18:37 **** Incremental Build of configuration Default for project Assignment3 ****
make all 
g++ -c -g -Wno-write-strings -std=c++0x Assignment3.cpp
g++ -g -Wno-write-strings -std=c++0x graphics.o Assignment3.o  -o Assignment3.exe -L/usr/openwin/lib -lX11 -lm
23:19:24 **** Incremental Build of configuration Default for project Assignment3 ****
make all 
g++ -g -Wno-write-strings -std=c++0x graphics.o Assignment3.o  -o Assignment3.exe -L/usr/openwin/lib -lX11 -lm
23:19:39 **** Incremental Build of configuration Default for project Assignment3 ****
make all 
g++ -g -Wno-write-strings -std=c++0x graphics.o Assignment3.o  -o Assignment3.exe -L/usr/openwin/lib -lX11 -lm
19:44:53 **** Incremental Build of configuration Default for project Assignment3 ****
make all 
g++ -g -Wno-write-strings -std=c++0x graphics.o Assignment3.o  -o Assignment3.exe -L/usr/openwin/lib -lX11 -lm
19:45:28 **** Incremental Build of configuration Default for project Assignment3 ****
make all 
g++ -c -g -Wno-write-strings -std=c++0x Assignment3.cpp
g++ -g -Wno-write-strings -std=c++0x graphics.o Assignment3.o  -o Assignment3.exe -L/usr/openwin/lib -lX11 -lm
19:45:54 **** Incremental Build of configuration Default for project Assignment3 ****
make all 
g++ -c -g -Wno-write-strings -std=c++0x Assignment3.cpp
g++ -g -Wno-write-strings -std=c++0x graphics.o Assignment3.o  -o Assignment3.exe -L/usr/openwin/lib -lX11 -lm
20:05:53 **** Incremental Build of configuration Default for project Assignment3 ****
make all 
g++ -c -g -Wno-write-strings -std=c++0x Assignment3.cpp
g++ -g -Wno-write-strings -std=c++0x graphics.o Assignment3.o  -o Assignment3.exe -L/usr/openwin/lib -lX11 -lm
20:45:01 **** Incremental Build of configuration Default for project Assignment3 ****
make all 
g++ -c -O2 -Wno-write-strings -std=c++0x Assignment3.cpp
Assignment3.cpp: In function ‘void doKL()’:
Assignment3.cpp:1008:19: error: ‘DrawLines’ was not declared in this scope
   DrawLines(vSides);
                   ^
Assignment3.cpp: In function ‘void DrawLines(std::vector<int>&)’:
Assignment3.cpp:1085:6: error: expected ‘;’ before ‘Vertice’
      Vertice v1 = GetLocationToDraw(sCells[cell1].p);
      ^
Assignment3.cpp:1089:16: error: ‘v1’ was not declared in this scope
      drawline (v1.x, v1.y, v2.x, v2.y);
                ^
make: *** [Assignment3.o] Error 1
20:46:20 **** Incremental Build of configuration Default for project Assignment3 ****
make all 
g++ -c -O2 -Wno-write-strings -std=c++0x Assignment3.cpp
g++ -O2 -Wno-write-strings -std=c++0x graphics.o Assignment3.o  -o Assignment3.exe -L/usr/openwin/lib -lX11 -lm
20:47:33 **** Incremental Build of configuration Default for project Assignment3 ****
make all 
g++ -c -O2 -Wno-write-strings -std=c++0x Assignment3.cpp
g++ -O2 -Wno-write-strings -std=c++0x graphics.o Assignment3.o  -o Assignment3.exe -L/usr/openwin/lib -lX11 -lm
20:47:58 **** Clean-only build of configuration Default for project Assignment3 ****
make clean 
rm *.o *.exe
20:48:12 **** Build of configuration Default for project Assignment3 ****
make all 
g++ -c -g -Wno-write-strings -std=c++0x -I/usr/openwin/include graphics.c
g++ -c -g -Wno-write-strings -std=c++0x Assignment3.cpp
g++ -g -Wno-write-strings -std=c++0x graphics.o Assignment3.o  -o Assignment3.exe -L/usr/openwin/lib -lX11 -lm
20:49:03 **** Incremental Build of configuration Default for project Assignment3 ****
make all 
g++ -c -g -Wno-write-strings -std=c++0x Assignment3.cpp
g++ -g -Wno-write-strings -std=c++0x graphics.o Assignment3.o  -o Assignment3.exe -L/usr/openwin/lib -lX11 -lm
20:50:00 **** Incremental Build of configuration Default for project Assignment3 ****
make all 
g++ -g -Wno-write-strings -std=c++0x graphics.o Assignment3.o  -o Assignment3.exe -L/usr/openwin/lib -lX11 -lm
20:50:46 **** Incremental Build of configuration Default for project Assignment3 ****
make all 
g++ -c -g -Wno-write-strings -std=c++0x Assignment3.cpp
g++ -g -Wno-write-strings -std=c++0x graphics.o Assignment3.o  -o Assignment3.exe -L/usr/openwin/lib -lX11 -lm
20:53:07 **** Incremental Build of configuration Default for project Assignment3 ****
make all 
g++ -c -g -Wno-write-strings -std=c++0x Assignment3.cpp
g++ -g -Wno-write-strings -std=c++0x graphics.o Assignment3.o  -o Assignment3.exe -L/usr/openwin/lib -lX11 -lm
20:54:27 **** Incremental Build of configuration Default for project Assignment3 ****
make all 
g++ -g -Wno-write-strings -std=c++0x graphics.o Assignment3.o  -o Assignment3.exe -L/usr/openwin/lib -lX11 -lm
21:08:28 **** Incremental Build of configuration Default for project Assignment3 ****
make all 
g++ -c -O2 -Wno-write-strings -std=c++0x Assignment3.cpp
g++ -O2 -Wno-write-strings -std=c++0x graphics.o Assignment3.o  -o Assignment3.exe -L/usr/openwin/lib -lX11 -lm
