19:50:58 **** Incremental Build of configuration Debug for project Assignment2 ****
make all 
g++ -O2 -Wno-write-strings -std=c++0x graphics.o Assignment2.o  -o Assignment2.exe -L/usr/openwin/lib -lX11 -lm
19:51:33 **** Incremental Build of configuration Debug for project Assignment2 ****
make all 
g++ -O2 -Wno-write-strings -std=c++0x graphics.o Assignment2.o  -o Assignment2.exe -L/usr/openwin/lib -lX11 -lm
19:52:53 **** Incremental Build of configuration Debug for project Assignment2 ****
make all 
g++ -O2 -Wno-write-strings -std=c++0x graphics.o Assignment2.o  -o Assignment2.exe -L/usr/openwin/lib -lX11 -lm
19:55:03 **** Incremental Build of configuration Debug for project Assignment2 ****
make all 
g++ -O2 -Wno-write-strings -std=c++0x graphics.o Assignment2.o  -o Assignment2.exe -L/usr/openwin/lib -lX11 -lm
19:55:06 **** Incremental Build of configuration Debug for project Assignment2 ****
make all 
g++ -O2 -Wno-write-strings -std=c++0x graphics.o Assignment2.o  -o Assignment2.exe -L/usr/openwin/lib -lX11 -lm
19:55:50 **** Incremental Build of configuration Debug for project Assignment2 ****
make all 
g++ -g -Wno-write-strings -std=c++0x graphics.o Assignment2.o  -o Assignment2.exe -L/usr/openwin/lib -lX11 -lm
19:56:19 **** Incremental Build of configuration Debug for project Assignment2 ****
make all 
g++ -g -Wno-write-strings -std=c++0x graphics.o Assignment2.o  -o Assignment2.exe -L/usr/openwin/lib -lX11 -lm
19:56:27 **** Incremental Build of configuration Debug for project Assignment2 ****
make all 
g++ -g -Wno-write-strings -std=c++0x graphics.o Assignment2.o  -o Assignment2.exe -L/usr/openwin/lib -lX11 -lm
19:57:16 **** Clean-only build of configuration Debug for project Assignment2 ****
make clean 
rm *.o *.exe
19:57:20 **** Build of configuration Debug for project Assignment2 ****
make all 
g++ -c -g -Wno-write-strings -std=c++0x -I/usr/openwin/include graphics.c
g++ -c -g -Wno-write-strings -std=c++0x Assignment2.cpp
g++ -g -Wno-write-strings -std=c++0x graphics.o Assignment2.o  -o Assignment2.exe -L/usr/openwin/lib -lX11 -lm
19:57:27 **** Incremental Build of configuration Debug for project Assignment2 ****
make all 
g++ -g -Wno-write-strings -std=c++0x graphics.o Assignment2.o  -o Assignment2.exe -L/usr/openwin/lib -lX11 -lm
19:58:35 **** Incremental Build of configuration Debug for project Assignment2 ****
make all 
g++ -c -g -Wno-write-strings -std=c++0x Assignment2.cpp
g++ -g -Wno-write-strings -std=c++0x graphics.o Assignment2.o  -o Assignment2.exe -L/usr/openwin/lib -lX11 -lm
20:01:25 **** Incremental Build of configuration Debug for project Assignment2 ****
make all 
g++ -c -g -Wno-write-strings -std=c++0x Assignment2.cpp
g++ -g -Wno-write-strings -std=c++0x graphics.o Assignment2.o  -o Assignment2.exe -L/usr/openwin/lib -lX11 -lm
